{"numTotalTestSuites":121,"numPassedTestSuites":121,"numFailedTestSuites":0,"numPendingTestSuites":0,"numTotalTests":283,"numPassedTests":283,"numFailedTests":0,"numPendingTests":0,"numTodoTests":0,"snapshot":{"added":0,"failure":false,"filesAdded":0,"filesRemoved":0,"filesRemovedList":[],"filesUnmatched":0,"filesUpdated":0,"matched":0,"total":0,"unchecked":0,"uncheckedKeysByFile":[],"unmatched":0,"updated":0,"didUpdate":false},"startTime":1789828385473,"success":true,"testResults":[{"assertionResults":[{"ancestorTitles":["categoriesApi"],"fullName":"categoriesApi creates the generated list query key.","status":"passed","title":"creates the generated list query key.","duration":2.097197000000051,"failureMessages":[],"meta":{},"tags":[]},{"ancestorTitles":["categoriesApi"],"fullName":"categoriesApi does not invent a missing requirement count.","status":"passed","title":"does not invent a missing requirement count.","duration":2.0559160000000247,"failureMessages":[],"meta":{},"tags":[]},{"ancestorTitles":["categoriesApi"],"fullName":"categoriesApi normalizes create input.","status":"passed","title":"normalizes create input.","duration":0.7670170000000098,"failureMessages":[],"meta":{},"tags":[]},{"ancestorTitles":["categoriesApi"],"fullName":"categoriesApi lists and parses project categories through the generated API client.","status":"passed","title":"lists and parses project categories through the generated API client.","duration":2.0309619999999313,"failureMessages":[],"meta":{},"tags":[]},{"ancestorTitles":["categoriesApi"],"fullName":"categoriesApi creates a project category through the generated API client.","status":"passed","title":"creates a project category through the generated API client.","duration":0.647373000000016,"failureMessages":[],"meta":{},"tags":[]},{"ancestorTitles":["categoriesApi"],"fullName":"categoriesApi updates a project category through the generated API client.","status":"passed","title":"updates a project category through the generated API client.","duration":1.704670999999962,"failureMessages":[],"meta":{},"tags":[]}],"startTime":1789828404081,"endTime":1789828404090.7046,"status":"passed","message":"","name":"/home/node/frontend/test/api/categoriesApi.spec.ts"},{"assertionResults":[{"ancestorTitles":["apiFetch"],"fullName":"apiFetch reads JSON responses and adds the default Accept header.","status":"passed","title":"reads JSON responses and adds the default Accept header.","duration":6.033359000000019,"failureMessages":[],"meta":{},"tags":[]},{"ancestorTitles":["apiFetch"],"fullName":"apiFetch adds the in-memory bearer token to authenticated requests.","status":"passed","title":"adds the in-memory bearer token to authenticated requests.","duration":0.9615309999999226,"failureMessages":[],"meta":{},"tags":[]},{"ancestorTitles":["apiFetch"],"fullName":"apiFetch keeps a caller-provided Accept header.","status":"passed","title":"keeps a caller-provided Accept header.","duration":0.5848809999999958,"failureMessages":[],"meta":{},"tags":[]},{"ancestorTitles":["apiFetch"],"fullName":"apiFetch returns undefined data for 204 responses.","status":"passed","title":"returns undefined data for 204 responses.","duration":0.35613999999998214,"failureMessages":[],"meta":{},"tags":[]},{"ancestorTitles":["apiFetch"],"fullName":"apiFetch throws ApiError for non-OK responses.","status":"passed","title":"throws ApiError for non-OK responses.","duration":0.606965999999943,"failureMessages":[],"meta":{},"tags":[]},{"ancestorTitles":["apiFetch"],"fullName":"apiFetch clears authentication and throws a typed error for 401 responses.","status":"passed","title":"clears authentication and throws a typed error for 401 responses.","duration":123.52937799999995,"failureMessages":[],"meta":{},"tags":[]},{"ancestorTitles":["apiFetch"],"fullName":"apiFetch keeps authentication and throws a typed error for 403 responses.","status":"passed","title":"keeps authentication and throws a typed error for 403 responses.","duration":0.8128530000000183,"failureMessages":[],"meta":{},"tags":[]}],"startTime":1789828401773,"endTime":1789828401906.8127,"status":"passed","message":"","name":"/home/node/frontend/test/api/fetch.spec.ts"},{"assertionResults":[{"ancestorTitles":["requirementsApi"],"fullName":"requirementsApi creates the list query key.","status":"passed","title":"creates the list query key.","duration":1.5751639999999725,"failureMessages":[],"meta":{},"tags":[]},{"ancestorTitles":["requirementsApi"],"fullName":"requirementsApi parses a requirement.","status":"passed","title":"parses a requirement.","duration":2.96994200000006,"failureMessages":[],"meta":{},"tags":[]},{"ancestorTitles":["requirementsApi"],"fullName":"requirementsApi requires a non-empty change reason for requirement updates.","status":"passed","title":"requires a non-empty change reason for requirement updates.","duration":1.2396019999999908,"failureMessages":[],"meta":{},"tags":[]},{"ancestorTitles":["requirementsApi"],"fullName":"requirementsApi parses an implementation ticket with a derived URL.","status":"passed","title":"parses an implementation ticket with a derived URL.","duration":0.6584119999999984,"failureMessages":[],"meta":{},"tags":[]},{"ancestorTitles":["requirementsApi"],"fullName":"requirementsApi lists and parses project requirements.","status":"passed","title":"lists and parses project requirements.","duration":1.763945999999919,"failureMessages":[],"meta":{},"tags":[]},{"ancestorTitles":["requirementsApi"],"fullName":"requirementsApi lists requirement revisions through the current backend route.","status":"passed","title":"lists requirement revisions through the current backend route.","duration":0.7444479999999203,"failureMessages":[],"meta":{},"tags":[]},{"ancestorTitles":["requirementsApi"],"fullName":"requirementsApi compares requirement revisions using the backend comparison contract.","status":"passed","title":"compares requirement revisions using the backend comparison contract.","duration":0.7878880000000663,"failureMessages":[],"meta":{},"tags":[]},{"ancestorTitles":["requirementsApi"],"fullName":"requirementsApi creates and updates implementation tickets with user-entered completer names.","status":"passed","title":"creates and updates implementation tickets with user-entered completer names.","duration":0.4390889999999672,"failureMessages":[],"meta":{},"tags":[]},{"ancestorTitles":["requirementsApi"],"fullName":"requirementsApi marks a requirement obsolete with a reason.","status":"passed","title":"marks a requirement obsolete with a reason.","duration":1.2750650000000405,"failureMessages":[],"meta":{},"tags":[]}],"startTime":1789828403187,"endTime":1789828403198.2751,"status":"passed","message":"","name":"/home/node/frontend/test/api/requirementsApi.spec.ts"},{"assertionResults":[{"ancestorTitles":["reviewApi"],"fullName":"reviewApi creates comments without client-supplied actor names.","status":"passed","title":"creates comments without client-supplied actor names.","duration":5.626102999999944,"failureMessages":[],"meta":{},"tags":[]},{"ancestorTitles":["reviewApi"],"fullName":"reviewApi creates replies without client-supplied actor names.","status":"passed","title":"creates replies without client-supplied actor names.","duration":0.8329449999999952,"failureMessages":[],"meta":{},"tags":[]},{"ancestorTitles":["reviewApi"],"fullName":"reviewApi resolves comments without client-supplied resolver names.","status":"passed","title":"resolves comments without client-supplied resolver names.","duration":0.40788000000009106,"failureMessages":[],"meta":{},"tags":[]},{"ancestorTitles":["reviewApi"],"fullName":"reviewApi approves and rejects without client-supplied reviewer names.","status":"passed","title":"approves and rejects without client-supplied reviewer names.","duration":1.7054560000000265,"failureMessages":[],"meta":{},"tags":[]}],"startTime":1789828403422,"endTime":1789828403430.7056,"status":"passed","message":"","name":"/home/node/frontend/test/api/reviewApi.spec.ts"},{"assertionResults":[{"ancestorTitles":["AdministratorRoute"],"fullName":"AdministratorRoute renders the dedicated Administrator workspace for an Administrator","status":"passed","title":"renders the dedicated Administrator workspace for an Administrator","duration":128.78499899999997,"failureMessages":[],"meta":{},"tags":[]},{"ancestorTitles":["AdministratorRoute"],"fullName":"AdministratorRoute redirects a project-scoped account to the project workspace","status":"passed","title":"redirects a project-scoped account to the project workspace","duration":47.58919500000002,"failureMessages":[],"meta":{},"tags":[]}],"startTime":1789828400638,"endTime":1789828400813.589,"status":"passed","message":"","name":"/home/node/frontend/test/auth/AdministratorRoute.spec.tsx"},{"assertionResults":[{"ancestorTitles":["ProtectedRoute"],"fullName":"ProtectedRoute redirects unauthenticated users and preserves the complete requested URL.","status":"passed","title":"redirects unauthenticated users and preserves the complete requested URL.","duration":108.68310200000008,"failureMessages":[],"meta":{},"tags":[]},{"ancestorTitles":["ProtectedRoute"],"fullName":"ProtectedRoute renders protected content for an authenticated session.","status":"passed","title":"renders protected content for an authenticated session.","duration":7.827723999999989,"failureMessages":[],"meta":{},"tags":[]},{"ancestorTitles":["ProtectedRoute"],"fullName":"ProtectedRoute returns to login with an expiry reason when authentication fails.","status":"passed","title":"returns to login with an expiry reason when authentication fails.","duration":106.47285399999998,"failureMessages":[],"meta":{},"tags":[]}],"startTime":1789828397053,"endTime":1789828397275.473,"status":"passed","message":"","name":"/home/node/frontend/test/auth/ProtectedRoute.spec.tsx"},{"assertionResults":[{"ancestorTitles":["account validation"],"fullName":"account validation uses the backend username constraints","status":"passed","title":"uses the backend username constraints","duration":1.398221000000035,"failureMessages":[],"meta":{},"tags":[]},{"ancestorTitles":["account validation"],"fullName":"account validation requires a complete email address","status":"passed","title":"requires a complete email address","duration":0.2343989999999394,"failureMessages":[],"meta":{},"tags":[]},{"ancestorTitles":["account validation"],"fullName":"account validation accepts passwords between 15 and 128 characters","status":"passed","title":"accepts passwords between 15 and 128 characters","duration":0.1711289999999508,"failureMessages":[],"meta":{},"tags":[]}],"startTime":1789828405889,"endTime":1789828405891.2344,"status":"passed","message":"","name":"/home/node/frontend/test/auth/accountValidation.spec.ts"},{"assertionResults":[{"ancestorTitles":["authentication routes"],"fullName":"authentication routes preserves internal application destinations.","status":"passed","title":"preserves internal application destinations.","duration":1.1621719999999414,"failureMessages":[],"meta":{},"tags":[]},{"ancestorTitles":["authentication routes"],"fullName":"authentication routes falls back to the workspace for unsafe login state.","status":"passed","title":"falls back to the workspace for unsafe login state.","duration":0.1332119999999577,"failureMessages":[],"meta":{},"tags":[]},{"ancestorTitles":["authentication routes"],"fullName":"authentication routes falls back to the workspace for unsafe login state.","status":"passed","title":"falls back to the workspace for unsafe login state.","duration":0.08320800000001327,"failureMessages":[],"meta":{},"tags":[]},{"ancestorTitles":["authentication routes"],"fullName":"authentication routes falls back to the workspace for unsafe login state.","status":"passed","title":"falls back to the workspace for unsafe login state.","duration":0.08194800000001123,"failureMessages":[],"meta":{},"tags":[]},{"ancestorTitles":["authentication routes"],"fullName":"authentication routes falls back to the workspace for unsafe login state.","status":"passed","title":"falls back to the workspace for unsafe login state.","duration":0.0738339999999198,"failureMessages":[],"meta":{},"tags":[]},{"ancestorTitles":["authentication routes"],"fullName":"authentication routes falls back to the workspace for unsafe login state.","status":"passed","title":"falls back to the workspace for unsafe login state.","duration":0.058950000000095315,"failureMessages":[],"meta":{},"tags":[]},{"ancestorTitles":["authentication routes"],"fullName":"authentication routes falls back to the workspace for unsafe login state.","status":"passed","title":"falls back to the workspace for unsafe login state.","duration":0.06536500000004253,"failureMessages":[],"meta":{},"tags":[]},{"ancestorTitles":["authentication routes"],"fullName":"authentication routes falls back to the workspace for unsafe login state.","status":"passed","title":"falls back to the workspace for unsafe login state.","duration":0.06317200000000867,"failureMessages":[],"meta":{},"tags":[]},{"ancestorTitles":["authentication routes"],"fullName":"authentication routes builds a relative URL from the current router location.","status":"passed","title":"builds a relative URL from the current router location.","duration":0.13321899999994002,"failureMessages":[],"meta":{},"tags":[]}],"startTime":1789828405762,"endTime":1789828405764.1333,"status":"passed","message":"","name":"/home/node/frontend/test/auth/authRoutes.spec.ts"},{"assertionResults":[{"ancestorTitles":["handleAuthenticationFailure"],"fullName":"handleAuthenticationFailure clears every user-scoped store and notifies navigation listeners.","status":"passed","title":"clears every user-scoped store and notifies navigation listeners.","duration":3.5791639999999916,"failureMessages":[],"meta":{},"tags":[]}],"startTime":1789828405209,"endTime":1789828405212.579,"status":"passed","message":"","name":"/home/node/frontend/test/auth/authenticationFailure.spec.ts"},{"assertionResults":[{"ancestorTitles":["global permissions"],"fullName":"global permissions identifies administrators from the single account role","status":"passed","title":"identifies administrators from the single account role","duration":1.1335679999999684,"failureMessages":[],"meta":{},"tags":[]},{"ancestorTitles":["project permissions"],"fullName":"project permissions denies project access without membership","status":"passed","title":"denies project access without membership","duration":0.25321500000006836,"failureMessages":[],"meta":{},"tags":[]},{"ancestorTitles":["project permissions"],"fullName":"project permissions grants read-only access to viewers","status":"passed","title":"grants read-only access to viewers","duration":0.24136600000008457,"failureMessages":[],"meta":{},"tags":[]},{"ancestorTitles":["project permissions"],"fullName":"project permissions grants ticket management to developers without requirement management","status":"passed","title":"grants ticket management to developers without requirement management","duration":0.14623500000004697,"failureMessages":[],"meta":{},"tags":[]},{"ancestorTitles":["project permissions"],"fullName":"project permissions grants requirement and ticket management to requirements engineers","status":"passed","title":"grants requirement and ticket management to requirements engineers","duration":0.16123799999991206,"failureMessages":[],"meta":{},"tags":[]},{"ancestorTitles":["project permissions"],"fullName":"project permissions denies Administrators all project-content permissions","status":"passed","title":"denies Administrators all project-content permissions","duration":0.12716199999999844,"failureMessages":[],"meta":{},"tags":[]}],"startTime":1789828405401,"endTime":1789828405403.2415,"status":"passed","message":"","name":"/home/node/frontend/test/auth/projectPermissions.spec.ts"},{"assertionResults":[{"ancestorTitles":["Tooltip","renders"],"fullName":"Tooltip renders the tooltip after hovering for the configured delay.","status":"passed","title":"the tooltip after hovering for the configured delay.","duration":149.56368299999997,"failureMessages":[],"meta":{},"tags":[]},{"ancestorTitles":["Tooltip","renders"],"fullName":"Tooltip renders the tooltip after focusing for the configured delay.","status":"passed","title":"the tooltip after focusing for the configured delay.","duration":7.603656000000001,"failureMessages":[],"meta":{},"tags":[]},{"ancestorTitles":["Tooltip","shows / hides"],"fullName":"Tooltip shows / hides does not show the tooltip when hovering ends before the delay.","status":"passed","title":"does not show the tooltip when hovering ends before the delay.","duration":4.5035930000000235,"failureMessages":[],"meta":{},"tags":[]},{"ancestorTitles":["Tooltip","shows / hides"],"fullName":"Tooltip shows / hides hides the tooltip when hovering ends.","status":"passed","title":"hides the tooltip when hovering ends.","duration":7.429611000000023,"failureMessages":[],"meta":{},"tags":[]}],"startTime":1789828399998,"endTime":1789828400167.4297,"status":"passed","message":"","name":"/home/node/frontend/test/components/Tooltip.spec.tsx"},{"assertionResults":[{"ancestorTitles":["public account recovery pages"],"fullName":"public account recovery pages confirms an email token only once under React Strict Mode","status":"passed","title":"confirms an email token only once under React Strict Mode","duration":32.69199000000003,"failureMessages":[],"meta":{},"tags":[]},{"ancestorTitles":["public account recovery pages"],"fullName":"public account recovery pages resends verification without revealing whether the account exists","status":"passed","title":"resends verification without revealing whether the account exists","duration":173.61801000000003,"failureMessages":[],"meta":{},"tags":[]},{"ancestorTitles":["public account recovery pages"],"fullName":"public account recovery pages requests a password reset with a normalized email and a generic response","status":"passed","title":"requests a password reset with a normalized email and a generic response","duration":121.604694,"failureMessages":[],"meta":{},"tags":[]},{"ancestorTitles":["public account recovery pages"],"fullName":"public account recovery pages sets a new password using the reset token","status":"passed","title":"sets a new password using the reset token","duration":262.027652,"failureMessages":[],"meta":{},"tags":[]},{"ancestorTitles":["public account recovery pages"],"fullName":"public account recovery pages does not render a password form without a reset token","status":"passed","title":"does not render a password form without a reset token","duration":7.603324000000157,"failureMessages":[],"meta":{},"tags":[]}],"startTime":1789828392047,"endTime":1789828392644.6033,"status":"passed","message":"","name":"/home/node/frontend/test/pages/AccountRecoveryPages.spec.tsx"},{"assertionResults":[{"ancestorTitles":["AdministratorProjectsPage"],"fullName":"AdministratorProjectsPage shows a compact overview of every project on the projects root","status":"passed","title":"shows a compact overview of every project on the projects root","duration":218.19658800000002,"failureMessages":[],"meta":{},"tags":[]},{"ancestorTitles":["AdministratorProjectsPage"],"fullName":"AdministratorProjectsPage shows only administrative project summary data and settings","status":"passed","title":"shows only administrative project summary data and settings","duration":76.49284399999988,"failureMessages":[],"meta":{},"tags":[]},{"ancestorTitles":["AdministratorProjectsPage"],"fullName":"AdministratorProjectsPage adds membership through the ActionBar-triggered dialog","status":"passed","title":"adds membership through the ActionBar-triggered dialog","duration":193.93928899999992,"failureMessages":[],"meta":{},"tags":[]},{"ancestorTitles":["AdministratorProjectsPage"],"fullName":"AdministratorProjectsPage opens the shared project dialog when the ActionBar requests project creation","status":"passed","title":"opens the shared project dialog when the ActionBar requests project creation","duration":39.63313500000004,"failureMessages":[],"meta":{},"tags":[]}],"startTime":1789828393623,"endTime":1789828394151.633,"status":"passed","message":"","name":"/home/node/frontend/test/pages/AdministratorProjectsPage.spec.tsx"},{"assertionResults":[{"ancestorTitles":["AuthenticationEntryPage"],"fullName":"AuthenticationEntryPage shows login after confirming that bootstrap is complete.","status":"passed","title":"shows login after confirming that bootstrap is complete.","duration":141.44333800000004,"failureMessages":[],"meta":{},"tags":[]},{"ancestorTitles":["AuthenticationEntryPage"],"fullName":"AuthenticationEntryPage shows initial Administrator registration while bootstrap is available.","status":"passed","title":"shows initial Administrator registration while bootstrap is available.","duration":28.07973800000002,"failureMessages":[],"meta":{},"tags":[]},{"ancestorTitles":["AuthenticationEntryPage"],"fullName":"AuthenticationEntryPage does not expose login when bootstrap status cannot be established and supports retry.","status":"passed","title":"does not expose login when bootstrap status cannot be established and supports retry.","duration":43.4464559999999,"failureMessages":[],"meta":{},"tags":[]},{"ancestorTitles":["AuthenticationEntryPage"],"fullName":"AuthenticationEntryPage rejects malformed bootstrap status responses.","status":"passed","title":"rejects malformed bootstrap status responses.","duration":6.984410999999909,"failureMessages":[],"meta":{},"tags":[]}],"startTime":1789828396266,"endTime":1789828396485.9844,"status":"passed","message":"","name":"/home/node/frontend/test/pages/AuthenticationEntryPage.spec.tsx"},{"assertionResults":[{"ancestorTitles":["BootstrapAdministratorPage"],"fullName":"BootstrapAdministratorPage uses standard text-field styling for email and every password input.","status":"passed","title":"uses standard text-field styling for email and every password input.","duration":90.47449199999983,"failureMessages":[],"meta":{},"tags":[]},{"ancestorTitles":["BootstrapAdministratorPage"],"fullName":"BootstrapAdministratorPage validates matching passwords before enabling registration.","status":"passed","title":"validates matching passwords before enabling registration.","duration":171.34867000000008,"failureMessages":[],"meta":{},"tags":[]},{"ancestorTitles":["BootstrapAdministratorPage"],"fullName":"BootstrapAdministratorPage submits normalized account data and explains the email-verification step.","status":"passed","title":"submits normalized account data and explains the email-verification step.","duration":644.325826,"failureMessages":[],"meta":{},"tags":[]},{"ancestorTitles":["BootstrapAdministratorPage"],"fullName":"BootstrapAdministratorPage switches to normal login when another request completed bootstrap first.","status":"passed","title":"switches to normal login when another request completed bootstrap first.","duration":532.126563,"failureMessages":[],"meta":{},"tags":[]},{"ancestorTitles":["BootstrapAdministratorPage"],"fullName":"BootstrapAdministratorPage shows a specific retry-later message for rate limiting.","status":"passed","title":"shows a specific retry-later message for rate limiting.","duration":526.5610890000003,"failureMessages":[],"meta":{},"tags":[]}],"startTime":1789828386561,"endTime":1789828388525.561,"status":"passed","message":"","name":"/home/node/frontend/test/pages/BootstrapAdministratorPage.spec.tsx"},{"assertionResults":[{"ancestorTitles":["LoginPage"],"fullName":"LoginPage styles the password field like the username field while preserving password input behavior.","status":"passed","title":"styles the password field like the username field while preserving password input behavior.","duration":85.72861499999999,"failureMessages":[],"meta":{},"tags":[]},{"ancestorTitles":["LoginPage"],"fullName":"LoginPage links to registration and password recovery.","status":"passed","title":"links to registration and password recovery.","duration":74.79332499999998,"failureMessages":[],"meta":{},"tags":[]},{"ancestorTitles":["LoginPage"],"fullName":"LoginPage signs in, stores the session, and returns to the requested route.","status":"passed","title":"signs in, stores the session, and returns to the requested route.","duration":166.779714,"failureMessages":[],"meta":{},"tags":[]},{"ancestorTitles":["LoginPage"],"fullName":"LoginPage shows a generic error without disclosing the account state.","status":"passed","title":"shows a generic error without disclosing the account state.","duration":132.15000099999997,"failureMessages":[],"meta":{},"tags":[]},{"ancestorTitles":["LoginPage"],"fullName":"LoginPage explains when the previous session expired.","status":"passed","title":"explains when the previous session expired.","duration":13.505313999999998,"failureMessages":[],"meta":{},"tags":[]},{"ancestorTitles":["LoginPage"],"fullName":"LoginPage redirects an already authenticated user without showing the login form.","status":"passed","title":"redirects an already authenticated user without showing the login form.","duration":5.74038900000005,"failureMessages":[],"meta":{},"tags":[]}],"startTime":1789828392234,"endTime":1789828392712.7405,"status":"passed","message":"","name":"/home/node/frontend/test/pages/LoginPage.spec.tsx"},{"assertionResults":[{"ancestorTitles":["ProjectDetailsPage"],"fullName":"ProjectDetailsPage links to requirements for a project-scoped user.","status":"passed","title":"links to requirements for a project-scoped user.","duration":150.65714200000002,"failureMessages":[],"meta":{},"tags":[]}],"startTime":1789828399707,"endTime":1789828399857.6572,"status":"passed","message":"","name":"/home/node/frontend/test/pages/ProjectDetailsPage.spec.tsx"},{"assertionResults":[{"ancestorTitles":["RegistrationPage"],"fullName":"RegistrationPage uses the standard text-field styling for email and password inputs.","status":"passed","title":"uses the standard text-field styling for email and password inputs.","duration":100.04474499999992,"failureMessages":[],"meta":{},"tags":[]},{"ancestorTitles":["RegistrationPage"],"fullName":"RegistrationPage submits normalized local-account data and explains the activation steps","status":"passed","title":"submits normalized local-account data and explains the activation steps","duration":530.301958,"failureMessages":[],"meta":{},"tags":[]},{"ancestorTitles":["RegistrationPage"],"fullName":"RegistrationPage does not expose backend account details when registration fails","status":"passed","title":"does not expose backend account details when registration fails","duration":455.23110099999985,"failureMessages":[],"meta":{},"tags":[]}],"startTime":1789828386335,"endTime":1789828387420.2312,"status":"passed","message":"","name":"/home/node/frontend/test/pages/RegistrationPage.spec.tsx"},{"assertionResults":[{"ancestorTitles":["RootLayout"],"fullName":"RootLayout uses the dedicated Administrator sidebar for Administrator accounts","status":"passed","title":"uses the dedicated Administrator sidebar for Administrator accounts","duration":108.32934399999999,"failureMessages":[],"meta":{},"tags":[]},{"ancestorTitles":["RootLayout"],"fullName":"RootLayout uses project navigation for project-scoped accounts","status":"passed","title":"uses project navigation for project-scoped accounts","duration":6.918772999999987,"failureMessages":[],"meta":{},"tags":[]}],"startTime":1789828401560,"endTime":1789828401675.9187,"status":"passed","message":"","name":"/home/node/frontend/test/pages/RootLayout.spec.tsx"},{"assertionResults":[{"ancestorTitles":["UserAdministrationPage"],"fullName":"UserAdministrationPage renders the expanded full-width user table with login presence and actions","status":"passed","title":"renders the expanded full-width user table with login presence and actions","duration":190.14778999999987,"failureMessages":[],"meta":{},"tags":[]},{"ancestorTitles":["UserAdministrationPage"],"fullName":"UserAdministrationPage disables self-deactivation and self-session revocation in the user table","status":"passed","title":"disables self-deactivation and self-session revocation in the user table","duration":33.95122100000003,"failureMessages":[],"meta":{},"tags":[]},{"ancestorTitles":["UserAdministrationPage"],"fullName":"UserAdministrationPage blocks the role dialog while the selected user is logged in","status":"passed","title":"blocks the role dialog while the selected user is logged in","duration":53.58287200000018,"failureMessages":[],"meta":{},"tags":[]},{"ancestorTitles":["UserAdministrationPage"],"fullName":"UserAdministrationPage temporarily deactivates an active logged-out user before opening the role dialog and reactivates on cancel","status":"passed","title":"temporarily deactivates an active logged-out user before opening the role dialog and reactivates on cancel","duration":323.13168199999996,"failureMessages":[],"meta":{},"tags":[]},{"ancestorTitles":["UserAdministrationPage"],"fullName":"UserAdministrationPage saves a role change and restores the temporarily deactivated account","status":"passed","title":"saves a role change and restores the temporarily deactivated account","duration":146.69772599999988,"failureMessages":[],"meta":{},"tags":[]},{"ancestorTitles":["UserAdministrationPage"],"fullName":"UserAdministrationPage moves selected-user account status administration into the ActionBar","status":"passed","title":"moves selected-user account status administration into the ActionBar","duration":16.101938999999902,"failureMessages":[],"meta":{},"tags":[]},{"ancestorTitles":["UserAdministrationPage"],"fullName":"UserAdministrationPage shows user metadata without the old sessions section or account-role dropdown","status":"passed","title":"shows user metadata without the old sessions section or account-role dropdown","duration":17.029913999999962,"failureMessages":[],"meta":{},"tags":[]}],"startTime":1789828389480,"endTime":1789828390261.03,"status":"passed","message":"","name":"/home/node/frontend/test/pages/UserAdministrationPage.spec.tsx"},{"assertionResults":[{"ancestorTitles":["UserDetails"],"fullName":"UserDetails shows account metadata without the redundant username or local account-state control","status":"passed","title":"shows account metadata without the redundant username or local account-state control","duration":126.54119500000002,"failureMessages":[],"meta":{},"tags":[]},{"ancestorTitles":["UserDetails"],"fullName":"UserDetails opens role administration from the role metadata link","status":"passed","title":"opens role administration from the role metadata link","duration":28.430094999999937,"failureMessages":[],"meta":{},"tags":[]}],"startTime":1789828399125,"endTime":1789828399279.4302,"status":"passed","message":"","name":"/home/node/frontend/test/pages/UserDetails.spec.tsx"},{"assertionResults":[{"ancestorTitles":["WorkspacePage"],"fullName":"WorkspacePage redirects Administrators directly to the dedicated Administrator workspace","status":"passed","title":"redirects Administrators directly to the dedicated Administrator workspace","duration":121.18751599999996,"failureMessages":[],"meta":{},"tags":[]},{"ancestorTitles":["WorkspacePage"],"fullName":"WorkspacePage keeps project-scoped accounts in the project workspace","status":"passed","title":"keeps project-scoped accounts in the project workspace","duration":10.143443999999931,"failureMessages":[],"meta":{},"tags":[]}],"startTime":1789828400107,"endTime":1789828400238.1436,"status":"passed","message":"","name":"/home/node/frontend/test/pages/WorkspacePage.spec.tsx"},{"assertionResults":[{"ancestorTitles":["projectRoutes"],"fullName":"projectRoutes builds project routes.","status":"passed","title":"builds project routes.","duration":1.319629999999961,"failureMessages":[],"meta":{},"tags":[]},{"ancestorTitles":["projectRoutes"],"fullName":"projectRoutes derives the close route from category detail and form routes.","status":"passed","title":"derives the close route from category detail and form routes.","duration":0.8774890000000823,"failureMessages":[],"meta":{},"tags":[]},{"ancestorTitles":["projectRoutes"],"fullName":"projectRoutes derives the close route from requirement details routes.","status":"passed","title":"derives the close route from requirement details routes.","duration":0.3626890000000458,"failureMessages":[],"meta":{},"tags":[]},{"ancestorTitles":["projectRoutes"],"fullName":"projectRoutes returns undefined for list routes.","status":"passed","title":"returns undefined for list routes.","duration":0.2549229999999625,"failureMessages":[],"meta":{},"tags":[]}],"startTime":1789828404713,"endTime":1789828404715.3628,"status":"passed","message":"","name":"/home/node/frontend/test/router/projectRoutes.spec.ts"},{"assertionResults":[{"ancestorTitles":["authStore"],"fullName":"authStore starts unauthenticated and exposes no token.","status":"passed","title":"starts unauthenticated and exposes no token.","duration":1.9788330000000087,"failureMessages":[],"meta":{},"tags":[]},{"ancestorTitles":["authStore"],"fullName":"authStore keeps the authenticated user and opaque token in memory.","status":"passed","title":"keeps the authenticated user and opaque token in memory.","duration":0.30511999999998807,"failureMessages":[],"meta":{},"tags":[]},{"ancestorTitles":["authStore"],"fullName":"authStore removes the complete authenticated session.","status":"passed","title":"removes the complete authenticated session.","duration":0.14462800000001153,"failureMessages":[],"meta":{},"tags":[]},{"ancestorTitles":["authStore"],"fullName":"authStore can retain the reason why an authenticated session ended.","status":"passed","title":"can retain the reason why an authenticated session ended.","duration":0.15971700000000055,"failureMessages":[],"meta":{},"tags":[]}],"startTime":1789828404754,"endTime":1789828404757.1597,"status":"passed","message":"","name":"/home/node/frontend/test/stores/authStore.spec.ts"},{"assertionResults":[{"ancestorTitles":["tabBarStore"],"fullName":"tabBarStore opens a new tab and activates it.","status":"passed","title":"opens a new tab and activates it.","duration":1.7674409999999625,"failureMessages":[],"meta":{},"tags":[]},{"ancestorTitles":["tabBarStore"],"fullName":"tabBarStore activates an existing tab instead of adding it twice.","status":"passed","title":"activates an existing tab instead of adding it twice.","duration":0.6971070000000736,"failureMessages":[],"meta":{},"tags":[]},{"ancestorTitles":["tabBarStore"],"fullName":"tabBarStore does not activate a missing tab.","status":"passed","title":"does not activate a missing tab.","duration":0.19693899999992937,"failureMessages":[],"meta":{},"tags":[]},{"ancestorTitles":["tabBarStore"],"fullName":"tabBarStore closes the active tab and activates the tab at the same position.","status":"passed","title":"closes the active tab and activates the tab at the same position.","duration":0.31346499999995103,"failureMessages":[],"meta":{},"tags":[]},{"ancestorTitles":["tabBarStore"],"fullName":"tabBarStore does not close non-closable tabs.","status":"passed","title":"does not close non-closable tabs.","duration":0.19670000000007803,"failureMessages":[],"meta":{},"tags":[]},{"ancestorTitles":["tabBarStore"],"fullName":"tabBarStore clears the active tab.","status":"passed","title":"clears the active tab.","duration":0.1308320000000549,"failureMessages":[],"meta":{},"tags":[]}],"startTime":1789828403891,"endTime":1789828403895.1968,"status":"passed","message":"","name":"/home/node/frontend/test/stores/tabBarStore.spec.ts"},{"assertionResults":[{"ancestorTitles":["projectCategoriesCollection"],"fullName":"projectCategoriesCollection creates and caches a category collection per project.","status":"passed","title":"creates and caches a category collection per project.","duration":2.31880000000001,"failureMessages":[],"meta":{},"tags":[]},{"ancestorTitles":["projectCategoriesCollection"],"fullName":"projectCategoriesCollection clears cached collections at an authentication boundary.","status":"passed","title":"clears cached collections at an authentication boundary.","duration":0.484698000000094,"failureMessages":[],"meta":{},"tags":[]},{"ancestorTitles":["projectCategoriesCollection"],"fullName":"projectCategoriesCollection configures the collection with the project category query.","status":"passed","title":"configures the collection with the project category query.","duration":3.993060000000014,"failureMessages":[],"meta":{},"tags":[]},{"ancestorTitles":["projectCategoriesCollection"],"fullName":"projectCategoriesCollection uses the category id as collection key.","status":"passed","title":"uses the category id as collection key.","duration":10.616060999999945,"failureMessages":[],"meta":{},"tags":[]},{"ancestorTitles":["projectCategoriesCollection"],"fullName":"projectCategoriesCollection loads categories for the configured project id.","status":"passed","title":"loads categories for the configured project id.","duration":1.121487000000002,"failureMessages":[],"meta":{},"tags":[]}],"startTime":1789828404079,"endTime":1789828404098.1216,"status":"passed","message":"","name":"/home/node/frontend/test/api/collections/projectCategoriesCollection.spec.ts"},{"assertionResults":[{"ancestorTitles":["projectRequirementsCollection"],"fullName":"projectRequirementsCollection creates and caches a requirements collection per project.","status":"passed","title":"creates and caches a requirements collection per project.","duration":3.265800000000013,"failureMessages":[],"meta":{},"tags":[]},{"ancestorTitles":["projectRequirementsCollection"],"fullName":"projectRequirementsCollection clears cached collections at an authentication boundary.","status":"passed","title":"clears cached collections at an authentication boundary.","duration":0.8621749999999793,"failureMessages":[],"meta":{},"tags":[]},{"ancestorTitles":["projectRequirementsCollection"],"fullName":"projectRequirementsCollection configures the collection with the project requirements query.","status":"passed","title":"configures the collection with the project requirements query.","duration":2.080171000000064,"failureMessages":[],"meta":{},"tags":[]},{"ancestorTitles":["projectRequirementsCollection"],"fullName":"projectRequirementsCollection uses the requirement id as collection key.","status":"passed","title":"uses the requirement id as collection key.","duration":0.36063899999999194,"failureMessages":[],"meta":{},"tags":[]},{"ancestorTitles":["projectRequirementsCollection"],"fullName":"projectRequirementsCollection loads requirements for the configured project id.","status":"passed","title":"loads requirements for the configured project id.","duration":0.9403280000000223,"failureMessages":[],"meta":{},"tags":[]}],"startTime":1789828403373,"endTime":1789828403380.9404,"status":"passed","message":"","name":"/home/node/frontend/test/api/collections/projectRequirementsCollection.spec.ts"},{"assertionResults":[{"ancestorTitles":["projectsCollection"],"fullName":"projectsCollection configures the collection with the project query.","status":"passed","title":"configures the collection with the project query.","duration":9.608554000000026,"failureMessages":[],"meta":{},"tags":[]},{"ancestorTitles":["projectsCollection"],"fullName":"projectsCollection uses the project id as collection key.","status":"passed","title":"uses the project id as collection key.","duration":0.44940199999996366,"failureMessages":[],"meta":{},"tags":[]},{"ancestorTitles":["projectsCollection"],"fullName":"projectsCollection loads projects through the domain-facing API wrapper.","status":"passed","title":"loads projects through the domain-facing API wrapper.","duration":0.890262000000007,"failureMessages":[],"meta":{},"tags":[]},{"ancestorTitles":["projectsCollection"],"fullName":"projectsCollection cleans up and recreates the global collection at an authentication boundary.","status":"passed","title":"cleans up and recreates the global collection at an authentication boundary.","duration":0.49202100000002247,"failureMessages":[],"meta":{},"tags":[]}],"startTime":1789828404556,"endTime":1789828404567.492,"status":"passed","message":"","name":"/home/node/frontend/test/api/collections/projectsCollection.spec.ts"},{"assertionResults":[{"ancestorTitles":["InlineStatus"],"fullName":"InlineStatus renders non-error messages as polite status messages.","status":"passed","title":"renders non-error messages as polite status messages.","duration":95.54140999999993,"failureMessages":[],"meta":{},"tags":[]},{"ancestorTitles":["InlineStatus"],"fullName":"InlineStatus renders error messages as assertive alerts.","status":"passed","title":"renders error messages as assertive alerts.","duration":6.360078999999928,"failureMessages":[],"meta":{},"tags":[]}],"startTime":1789828402587,"endTime":1789828402688.36,"status":"passed","message":"","name":"/home/node/frontend/test/components/Feedback/InlineStatus.spec.tsx"},{"assertionResults":[{"ancestorTitles":["LoadableContent"],"fullName":"LoadableContent renders the loading message first.","status":"passed","title":"renders the loading message first.","duration":87.19734199999994,"failureMessages":[],"meta":{},"tags":[]},{"ancestorTitles":["LoadableContent"],"fullName":"LoadableContent renders the error message when loading is false and error is true.","status":"passed","title":"renders the error message when loading is false and error is true.","duration":5.904574999999909,"failureMessages":[],"meta":{},"tags":[]},{"ancestorTitles":["LoadableContent"],"fullName":"LoadableContent renders the configured empty message.","status":"passed","title":"renders the configured empty message.","duration":14.41602499999999,"failureMessages":[],"meta":{},"tags":[]},{"ancestorTitles":["LoadableContent"],"fullName":"LoadableContent renders the children when loading, error, and empty are false.","status":"passed","title":"renders the children when loading, error, and empty are false.","duration":1.8058510000000751,"failureMessages":[],"meta":{},"tags":[]}],"startTime":1789828402361,"endTime":1789828402470.806,"status":"passed","message":"","name":"/home/node/frontend/test/components/Feedback/LoadableContent.spec.tsx"},{"assertionResults":[{"ancestorTitles":["ExpandableNavigationItem","renders"],"fullName":"ExpandableNavigationItem renders the item label.","status":"passed","title":"the item label.","duration":121.23948400000006,"failureMessages":[],"meta":{},"tags":[]},{"ancestorTitles":["ExpandableNavigationItem","renders"],"fullName":"ExpandableNavigationItem renders the optional parent badge value.","status":"passed","title":"the optional parent badge value.","duration":15.204320000000052,"failureMessages":[],"meta":{},"tags":[]},{"ancestorTitles":["ExpandableNavigationItem","renders"],"fullName":"ExpandableNavigationItem renders the collapsed state as aria-expanded=false.","status":"passed","title":"the collapsed state as aria-expanded=false.","duration":13.53704800000014,"failureMessages":[],"meta":{},"tags":[]},{"ancestorTitles":["ExpandableNavigationItem","renders"],"fullName":"ExpandableNavigationItem renders the expanded state as aria-expanded=true.","status":"passed","title":"the expanded state as aria-expanded=true.","duration":12.032913999999892,"failureMessages":[],"meta":{},"tags":[]},{"ancestorTitles":["ExpandableNavigationItem","renders"],"fullName":"ExpandableNavigationItem renders expanded sub item links with their destination href values.","status":"passed","title":"expanded sub item links with their destination href values.","duration":23.851051000000098,"failureMessages":[],"meta":{},"tags":[]},{"ancestorTitles":["ExpandableNavigationItem","renders"],"fullName":"ExpandableNavigationItem renders a sub item badge value.","status":"passed","title":"a sub item badge value.","duration":18.162149999999883,"failureMessages":[],"meta":{},"tags":[]},{"ancestorTitles":["ExpandableNavigationItem","renders"],"fullName":"ExpandableNavigationItem renders no accessible sub items when the item is collapsed.","status":"passed","title":"no accessible sub items when the item is collapsed.","duration":21.75013200000012,"failureMessages":[],"meta":{},"tags":[]},{"ancestorTitles":["ExpandableNavigationItem","marks / does not mark"],"fullName":"ExpandableNavigationItem marks / does not mark an active parent item with aria-current.","status":"passed","title":"an active parent item with aria-current.","duration":14.642196000000013,"failureMessages":[],"meta":{},"tags":[]},{"ancestorTitles":["ExpandableNavigationItem","marks / does not mark"],"fullName":"ExpandableNavigationItem marks / does not mark a non-active parent item without aria-current.","status":"passed","title":"a non-active parent item without aria-current.","duration":16.582669000000124,"failureMessages":[],"meta":{},"tags":[]},{"ancestorTitles":["ExpandableNavigationItem","marks / does not mark"],"fullName":"ExpandableNavigationItem marks / does not mark the active sub item based on the current route.","status":"passed","title":"the active sub item based on the current route.","duration":18.702884999999924,"failureMessages":[],"meta":{},"tags":[]},{"ancestorTitles":["ExpandableNavigationItem","calls"],"fullName":"ExpandableNavigationItem calls onToggle when the item button is clicked.","status":"passed","title":"onToggle when the item button is clicked.","duration":37.96253800000022,"failureMessages":[],"meta":{},"tags":[]},{"ancestorTitles":["ExpandableNavigationItem","calls"],"fullName":"ExpandableNavigationItem calls onContextMenu when the item button is right-clicked.","status":"passed","title":"onContextMenu when the item button is right-clicked.","duration":11.042399999999816,"failureMessages":[],"meta":{},"tags":[]},{"ancestorTitles":["ExpandableNavigationItem","calls"],"fullName":"ExpandableNavigationItem calls onSubItemClick when a sub item is clicked.","status":"passed","title":"onSubItemClick when a sub item is clicked.","duration":33.84483399999999,"failureMessages":[],"meta":{},"tags":[]}],"startTime":1789828393568,"endTime":1789828393926.8447,"status":"passed","message":"","name":"/home/node/frontend/test/components/Navigation/ExpandableNavigationItem.spec.tsx"},{"assertionResults":[{"ancestorTitles":["AccountMenu"],"fullName":"AccountMenu does not expose workspace navigation for an Administrator.","status":"passed","title":"does not expose workspace navigation for an Administrator.","duration":183.908731,"failureMessages":[],"meta":{},"tags":[]},{"ancestorTitles":["AccountMenu"],"fullName":"AccountMenu shows the authenticated identity and logs out through the API.","status":"passed","title":"shows the authenticated identity and logs out through the API.","duration":177.03761400000008,"failureMessages":[],"meta":{},"tags":[]},{"ancestorTitles":["AccountMenu"],"fullName":"AccountMenu completes local logout even when the backend request fails.","status":"passed","title":"completes local logout even when the backend request fails.","duration":34.708519000000024,"failureMessages":[],"meta":{},"tags":[]}],"startTime":1789828395261,"endTime":1789828395656.7085,"status":"passed","message":"","name":"/home/node/frontend/test/components/RootLayout/AccountMenu.spec.tsx"},{"assertionResults":[{"ancestorTitles":["LoadingOverlay","renders"],"fullName":"LoadingOverlay renders the loading message while the project data is loading.","status":"passed","title":"the loading message while the project data is loading.","duration":78.12664699999993,"failureMessages":[],"meta":{},"tags":[]},{"ancestorTitles":["LoadingOverlay","renders"],"fullName":"LoadingOverlay renders a network error message and reload button when loading fails.","status":"passed","title":"a network error message and reload button when loading fails.","duration":30.70680500000003,"failureMessages":[],"meta":{},"tags":[]},{"ancestorTitles":["LoadingOverlay","renders"],"fullName":"LoadingOverlay renders a network error message and reload button after the loading timeout.","status":"passed","title":"a network error message and reload button after the loading timeout.","duration":16.13375999999994,"failureMessages":[],"meta":{},"tags":[]},{"ancestorTitles":["LoadingOverlay","does not render"],"fullName":"LoadingOverlay does not render after the project data has been loaded.","status":"passed","title":"after the project data has been loaded.","duration":1.5121179999999868,"failureMessages":[],"meta":{},"tags":[]},{"ancestorTitles":["LoadingOverlay","does not render"],"fullName":"LoadingOverlay does not render for an Administrator without loading the project-workspace list.","status":"passed","title":"for an Administrator without loading the project-workspace list.","duration":5.694562000000019,"failureMessages":[],"meta":{},"tags":[]},{"ancestorTitles":["LoadingOverlay","reloads"],"fullName":"LoadingOverlay reloads the project data when the reload button is clicked.","status":"passed","title":"the project data when the reload button is clicked.","duration":29.239199999999983,"failureMessages":[],"meta":{},"tags":[]},{"ancestorTitles":["LoadingOverlay","reloads"],"fullName":"LoadingOverlay reloads resets the loading timeout when the reload button is clicked.","status":"passed","title":"resets the loading timeout when the reload button is clicked.","duration":16.034187000000088,"failureMessages":[],"meta":{},"tags":[]}],"startTime":1789828397310,"endTime":1789828397488.0342,"status":"passed","message":"","name":"/home/node/frontend/test/components/RootLayout/LoadingOverlay.spec.tsx"},{"assertionResults":[{"ancestorTitles":["CategoryDetailsPanel"],"fullName":"CategoryDetailsPanel renders the empty message when no category is selected.","status":"passed","title":"renders the empty message when no category is selected.","duration":105.06025,"failureMessages":[],"meta":{},"tags":[]},{"ancestorTitles":["CategoryDetailsPanel"],"fullName":"CategoryDetailsPanel renders the category fields.","status":"passed","title":"renders the category fields.","duration":48.79151400000001,"failureMessages":[],"meta":{},"tags":[]}],"startTime":1789828400841,"endTime":1789828400994.7915,"status":"passed","message":"","name":"/home/node/frontend/test/pages/ProjectCategories/CategoryDetailsPanel.spec.tsx"},{"assertionResults":[{"ancestorTitles":["ProjectCategories DetailsPage"],"fullName":"ProjectCategories DetailsPage keeps route actions out of the category detail panel.","status":"passed","title":"keeps route actions out of the category detail panel.","duration":138.53477999999996,"failureMessages":[],"meta":{},"tags":[]}],"startTime":1789828400960,"endTime":1789828401098.5347,"status":"passed","message":"","name":"/home/node/frontend/test/pages/ProjectCategories/DetailsPage.spec.tsx"},{"assertionResults":[{"ancestorTitles":["ProjectCategories FormPage"],"fullName":"ProjectCategories FormPage renders the create form with editable category fields.","status":"passed","title":"renders the create form with editable category fields.","duration":179.25561399999992,"failureMessages":[],"meta":{},"tags":[]},{"ancestorTitles":["ProjectCategories FormPage"],"fullName":"ProjectCategories FormPage creates a category, opens a details tab, navigates to details, and shows a Toast message.","status":"passed","title":"creates a category, opens a details tab, navigates to details, and shows a Toast message.","duration":210.85840400000006,"failureMessages":[],"meta":{},"tags":[]},{"ancestorTitles":["ProjectCategories FormPage"],"fullName":"ProjectCategories FormPage validates required and unique create fields.","status":"passed","title":"validates required and unique create fields.","duration":178.89337999999998,"failureMessages":[],"meta":{},"tags":[]},{"ancestorTitles":["ProjectCategories FormPage"],"fullName":"ProjectCategories FormPage renders the update form with read-only key and locked type.","status":"passed","title":"renders the update form with read-only key and locked type.","duration":36.25001300000008,"failureMessages":[],"meta":{},"tags":[]},{"ancestorTitles":["ProjectCategories FormPage"],"fullName":"ProjectCategories FormPage uses the category details tab while editing a category.","status":"passed","title":"uses the category details tab while editing a category.","duration":34.38893199999984,"failureMessages":[],"meta":{},"tags":[]},{"ancestorTitles":["ProjectCategories FormPage"],"fullName":"ProjectCategories FormPage updates only the category name.","status":"passed","title":"updates only the category name.","duration":72.67983800000002,"failureMessages":[],"meta":{},"tags":[]},{"ancestorTitles":["ProjectCategories FormPage"],"fullName":"ProjectCategories FormPage asks for confirmation before aborting a dirty form.","status":"passed","title":"asks for confirmation before aborting a dirty form.","duration":161.64155800000003,"failureMessages":[],"meta":{},"tags":[]},{"ancestorTitles":["ProjectCategories FormPage"],"fullName":"ProjectCategories FormPage blocks route changes from a dirty form until the user confirms.","status":"passed","title":"blocks route changes from a dirty form until the user confirms.","duration":163.04022400000008,"failureMessages":[],"meta":{},"tags":[]}],"startTime":1789828388336,"endTime":1789828389374.0403,"status":"passed","message":"","name":"/home/node/frontend/test/pages/ProjectCategories/FormPage.spec.tsx"},{"assertionResults":[{"ancestorTitles":["ProjectCategories ListPage"],"fullName":"ProjectCategories ListPage renders category keys as copy links.","status":"passed","title":"renders category keys as copy links.","duration":270.96028,"failureMessages":[],"meta":{},"tags":[]},{"ancestorTitles":["ProjectCategories ListPage"],"fullName":"ProjectCategories ListPage renders requirement counts from the category summaries.","status":"passed","title":"renders requirement counts from the category summaries.","duration":63.12919399999987,"failureMessages":[],"meta":{},"tags":[]},{"ancestorTitles":["ProjectCategories ListPage"],"fullName":"ProjectCategories ListPage copies the category key when the key cell is clicked.","status":"passed","title":"copies the category key when the key cell is clicked.","duration":68.31596599999989,"failureMessages":[],"meta":{},"tags":[]},{"ancestorTitles":["ProjectCategories ListPage"],"fullName":"ProjectCategories ListPage shows the category context menu actions on right click.","status":"passed","title":"shows the category context menu actions on right click.","duration":103.48226100000011,"failureMessages":[],"meta":{},"tags":[]},{"ancestorTitles":["ProjectCategories ListPage"],"fullName":"ProjectCategories ListPage deletes the selected category from the context menu when it has no requirements.","status":"passed","title":"deletes the selected category from the context menu when it has no requirements.","duration":162.17528500000003,"failureMessages":[],"meta":{},"tags":[]},{"ancestorTitles":["ProjectCategories ListPage"],"fullName":"ProjectCategories ListPage does not delete a category with requirements from the context menu.","status":"passed","title":"does not delete a category with requirements from the context menu.","duration":57.34655000000021,"failureMessages":[],"meta":{},"tags":[]},{"ancestorTitles":["ProjectCategories ListPage"],"fullName":"ProjectCategories ListPage navigates to the requirement creation placeholder from the context menu.","status":"passed","title":"navigates to the requirement creation placeholder from the context menu.","duration":76.49650099999985,"failureMessages":[],"meta":{},"tags":[]}],"startTime":1789828388815,"endTime":1789828389616.4966,"status":"passed","message":"","name":"/home/node/frontend/test/pages/ProjectCategories/ListPage.spec.tsx"},{"assertionResults":[{"ancestorTitles":["ProjectRequirements FormPage"],"fullName":"ProjectRequirements FormPage renders the create requirement form with the selected category preselected.","status":"passed","title":"renders the create requirement form with the selected category preselected.","duration":183.8480810000001,"failureMessages":[],"meta":{},"tags":[]},{"ancestorTitles":["ProjectRequirements FormPage"],"fullName":"ProjectRequirements FormPage creates a requirement and navigates to the details route.","status":"passed","title":"creates a requirement and navigates to the details route.","duration":242.07063299999982,"failureMessages":[],"meta":{},"tags":[]},{"ancestorTitles":["ProjectRequirements FormPage"],"fullName":"ProjectRequirements FormPage renders the update requirement form with the current values.","status":"passed","title":"renders the update requirement form with the current values.","duration":48.455515000000105,"failureMessages":[],"meta":{},"tags":[]},{"ancestorTitles":["ProjectRequirements FormPage"],"fullName":"ProjectRequirements FormPage requires and submits a change reason when updating a requirement.","status":"passed","title":"requires and submits a change reason when updating a requirement.","duration":477.182587,"failureMessages":[],"meta":{},"tags":[]}],"startTime":1789828390408,"endTime":1789828391359.1826,"status":"passed","message":"","name":"/home/node/frontend/test/pages/ProjectRequirements/FormPage.spec.tsx"},{"assertionResults":[{"ancestorTitles":["ImplementationTicketsPanel permissions"],"fullName":"ImplementationTicketsPanel permissions lets a Developer manage tickets on an approved requirement.","status":"passed","title":"lets a Developer manage tickets on an approved requirement.","duration":300.60350100000005,"failureMessages":[],"meta":{},"tags":[]},{"ancestorTitles":["ImplementationTicketsPanel permissions"],"fullName":"ImplementationTicketsPanel permissions keeps tickets visible but read-only for a Viewer.","status":"passed","title":"keeps tickets visible but read-only for a Viewer.","duration":23.951211000000058,"failureMessages":[],"meta":{},"tags":[]},{"ancestorTitles":["ImplementationTicketsPanel permissions"],"fullName":"ImplementationTicketsPanel permissions keeps implemented requirement tickets read-only even for a Developer.","status":"passed","title":"keeps implemented requirement tickets read-only even for a Developer.","duration":32.619335999999976,"failureMessages":[],"meta":{},"tags":[]}],"startTime":1789828395029,"endTime":1789828395386.6194,"status":"passed","message":"","name":"/home/node/frontend/test/pages/ProjectRequirements/ImplementationTicketsPanel.spec.tsx"},{"assertionResults":[{"ancestorTitles":["ProjectRequirements ListPage"],"fullName":"ProjectRequirements ListPage loads the requirements collection for the route project.","status":"passed","title":"loads the requirements collection for the route project.","duration":82.72036600000001,"failureMessages":[],"meta":{},"tags":[]},{"ancestorTitles":["ProjectRequirements ListPage"],"fullName":"ProjectRequirements ListPage renders the current requirements table and details panel.","status":"passed","title":"renders the current requirements table and details panel.","duration":211.66310900000008,"failureMessages":[],"meta":{},"tags":[]},{"ancestorTitles":["ProjectRequirements ListPage"],"fullName":"ProjectRequirements ListPage shows the selected requirement in the details panel when a row is clicked.","status":"passed","title":"shows the selected requirement in the details panel when a row is clicked.","duration":106.99832400000014,"failureMessages":[],"meta":{},"tags":[]},{"ancestorTitles":["ProjectRequirements ListPage"],"fullName":"ProjectRequirements ListPage keeps the selected requirement visible when the selected row is clicked again.","status":"passed","title":"keeps the selected requirement visible when the selected row is clicked again.","duration":96.04178499999989,"failureMessages":[],"meta":{},"tags":[]},{"ancestorTitles":["ProjectRequirements ListPage"],"fullName":"ProjectRequirements ListPage opens a requirement details tab and navigates when a row is double clicked.","status":"passed","title":"opens a requirement details tab and navigates when a row is double clicked.","duration":75.27743199999986,"failureMessages":[],"meta":{},"tags":[]},{"ancestorTitles":["ProjectRequirements ListPage"],"fullName":"ProjectRequirements ListPage copies the requirement key when the key cell is clicked.","status":"passed","title":"copies the requirement key when the key cell is clicked.","duration":61.14810899999998,"failureMessages":[],"meta":{},"tags":[]},{"ancestorTitles":["ProjectRequirements ListPage"],"fullName":"ProjectRequirements ListPage renders the loading state.","status":"passed","title":"renders the loading state.","duration":6.114100999999891,"failureMessages":[],"meta":{},"tags":[]},{"ancestorTitles":["ProjectRequirements ListPage"],"fullName":"ProjectRequirements ListPage renders the error state.","status":"passed","title":"renders the error state.","duration":8.48685300000011,"failureMessages":[],"meta":{},"tags":[]},{"ancestorTitles":["ProjectRequirements ListPage"],"fullName":"ProjectRequirements ListPage renders the empty state.","status":"passed","title":"renders the empty state.","duration":7.21040499999981,"failureMessages":[],"meta":{},"tags":[]}],"startTime":1789828391320,"endTime":1789828391976.2104,"status":"passed","message":"","name":"/home/node/frontend/test/pages/ProjectRequirements/ListPage.spec.tsx"},{"assertionResults":[{"ancestorTitles":["RequirementDetailsPanel"],"fullName":"RequirementDetailsPanel shows reviewer, rejection reason, and rejection date for rejected requirements.","status":"passed","title":"shows reviewer, rejection reason, and rejection date for rejected requirements.","duration":83.91592300000002,"failureMessages":[],"meta":{},"tags":[]},{"ancestorTitles":["RequirementDetailsPanel"],"fullName":"RequirementDetailsPanel shows the actor, reason, and timestamp for obsolete requirements while retaining the reviewer.","status":"passed","title":"shows the actor, reason, and timestamp for obsolete requirements while retaining the reviewer.","duration":14.20798000000002,"failureMessages":[],"meta":{},"tags":[]},{"ancestorTitles":["RequirementDetailsPanel"],"fullName":"RequirementDetailsPanel renders implementation tickets as a table for approved requirements.","status":"passed","title":"renders implementation tickets as a table for approved requirements.","duration":57.43977700000005,"failureMessages":[],"meta":{},"tags":[]}],"startTime":1789828398179,"endTime":1789828398334.4397,"status":"passed","message":"","name":"/home/node/frontend/test/pages/ProjectRequirements/RequirementDetailsPanel.spec.tsx"},{"assertionResults":[{"ancestorTitles":["RequirementLifecycleDialog"],"fullName":"RequirementLifecycleDialog requires a reason when configured for rejection or obsolescence.","status":"passed","title":"requires a reason when configured for rejection or obsolescence.","duration":268.593698,"failureMessages":[],"meta":{},"tags":[]},{"ancestorTitles":["RequirementLifecycleDialog"],"fullName":"RequirementLifecycleDialog supports approval without collecting a reviewer name.","status":"passed","title":"supports approval without collecting a reviewer name.","duration":40.33625800000004,"failureMessages":[],"meta":{},"tags":[]}],"startTime":1789828395961,"endTime":1789828396270.3362,"status":"passed","message":"","name":"/home/node/frontend/test/pages/ProjectRequirements/RequirementLifecycleDialog.spec.tsx"},{"assertionResults":[{"ancestorTitles":["ReviewCommentsPanel"],"fullName":"ReviewCommentsPanel expands comments longer than 200 characters and exposes review actions for open comments.","status":"passed","title":"expands comments longer than 200 characters and exposes review actions for open comments.","duration":227.09853500000008,"failureMessages":[],"meta":{},"tags":[]},{"ancestorTitles":["ReviewCommentsPanel"],"fullName":"ReviewCommentsPanel renders existing comments without mutation controls in read-only mode.","status":"passed","title":"renders existing comments without mutation controls in read-only mode.","duration":7.478269999999952,"failureMessages":[],"meta":{},"tags":[]}],"startTime":1789828398040,"endTime":1789828398274.4783,"status":"passed","message":"","name":"/home/node/frontend/test/pages/ProjectRequirements/ReviewCommentsPanel.spec.tsx"},{"assertionResults":[{"ancestorTitles":["AdministratorSidebar"],"fullName":"AdministratorSidebar expands Users & Sessions and renders all users as navigation children","status":"passed","title":"expands Users & Sessions and renders all users as navigation children","duration":169.5886559999999,"failureMessages":[],"meta":{},"tags":[]},{"ancestorTitles":["AdministratorSidebar"],"fullName":"AdministratorSidebar expands Projects and renders all projects as navigation children","status":"passed","title":"expands Projects and renders all projects as navigation children","duration":35.60343200000011,"failureMessages":[],"meta":{},"tags":[]},{"ancestorTitles":["AdministratorSidebar"],"fullName":"AdministratorSidebar navigates to the section overview when a section is toggled","status":"passed","title":"navigates to the section overview when a section is toggled","duration":62.002178000000185,"failureMessages":[],"meta":{},"tags":[]}],"startTime":1789828396526,"endTime":1789828396794.0022,"status":"passed","message":"","name":"/home/node/frontend/test/components/RootLayout/AdministratorSidebar/AdministratorSidebar.spec.tsx"},{"assertionResults":[{"ancestorTitles":["ActionBar","renders"],"fullName":"ActionBar renders renders the requirement key input and Find requirement button on requirement list routes.","status":"passed","title":"renders the requirement key input and Find requirement button on requirement list routes.","duration":176.5208909999999,"failureMessages":[],"meta":{},"tags":[]},{"ancestorTitles":["ActionBar","renders"],"fullName":"ActionBar renders renders the requirement key from the store on requirement list routes.","status":"passed","title":"renders the requirement key from the store on requirement list routes.","duration":29.582082999999784,"failureMessages":[],"meta":{},"tags":[]},{"ancestorTitles":["ActionBar","renders"],"fullName":"ActionBar renders renders a Create button on requirement routes.","status":"passed","title":"renders a Create button on requirement routes.","duration":36.97768700000006,"failureMessages":[],"meta":{},"tags":[]},{"ancestorTitles":["ActionBar","renders"],"fullName":"ActionBar renders renders Create directly after the requirement lookup actions on requirement list routes.","status":"passed","title":"renders Create directly after the requirement lookup actions on requirement list routes.","duration":24.187657000000172,"failureMessages":[],"meta":{},"tags":[]},{"ancestorTitles":["ActionBar","renders"],"fullName":"ActionBar renders opens the review workspace for a selected draft requirement.","status":"passed","title":"opens the review workspace for a selected draft requirement.","duration":71.92862999999988,"failureMessages":[],"meta":{},"tags":[]},{"ancestorTitles":["ActionBar","renders"],"fullName":"ActionBar renders does not show the Review button for a selected non-draft requirement.","status":"passed","title":"does not show the Review button for a selected non-draft requirement.","duration":22.41752200000019,"failureMessages":[],"meta":{},"tags":[]},{"ancestorTitles":["ActionBar","renders"],"fullName":"ActionBar renders shows Create, Edit, and Review in this order on draft requirement detail routes.","status":"passed","title":"shows Create, Edit, and Review in this order on draft requirement detail routes.","duration":19.684499999999844,"failureMessages":[],"meta":{},"tags":[]},{"ancestorTitles":["ActionBar","renders"],"fullName":"ActionBar renders shows Edit, Approve, and Reject on review routes for draft requirements.","status":"passed","title":"shows Edit, Approve, and Reject on review routes for draft requirements.","duration":20.723430000000008,"failureMessages":[],"meta":{},"tags":[]},{"ancestorTitles":["ActionBar","renders"],"fullName":"ActionBar renders hides Approve and Reject on review routes for rejected requirements.","status":"passed","title":"hides Approve and Reject on review routes for rejected requirements.","duration":12.31020199999989,"failureMessages":[],"meta":{},"tags":[]},{"ancestorTitles":["ActionBar","renders"],"fullName":"ActionBar renders hides Edit and Obsolete on detail routes for rejected requirements.","status":"passed","title":"hides Edit and Obsolete on detail routes for rejected requirements.","duration":25.757589000000053,"failureMessages":[],"meta":{},"tags":[]},{"ancestorTitles":["ActionBar","renders"],"fullName":"ActionBar renders does not show Obsolete for draft requirements.","status":"passed","title":"does not show Obsolete for draft requirements.","duration":17.426513000000114,"failureMessages":[],"meta":{},"tags":[]},{"ancestorTitles":["ActionBar","renders"],"fullName":"ActionBar renders shows Obsolete on detail routes for approved requirements.","status":"passed","title":"shows Obsolete on detail routes for approved requirements.","duration":26.05805600000008,"failureMessages":[],"meta":{},"tags":[]},{"ancestorTitles":["ActionBar","renders"],"fullName":"ActionBar renders shows Obsolete on detail routes for implemented requirements.","status":"passed","title":"shows Obsolete on detail routes for implemented requirements.","duration":16.727292000000034,"failureMessages":[],"meta":{},"tags":[]},{"ancestorTitles":["ActionBar","renders"],"fullName":"ActionBar renders enables Implemented only for an approved requirement with a ticket.","status":"passed","title":"enables Implemented only for an approved requirement with a ticket.","duration":22.615391000000045,"failureMessages":[],"meta":{},"tags":[]},{"ancestorTitles":["ActionBar","renders"],"fullName":"ActionBar renders hides Implemented for an approved requirement without tickets.","status":"passed","title":"hides Implemented for an approved requirement without tickets.","duration":16.274115000000165,"failureMessages":[],"meta":{},"tags":[]},{"ancestorTitles":["ActionBar","renders"],"fullName":"ActionBar renders renders a Create button on category routes.","status":"passed","title":"renders a Create button on category routes.","duration":17.089398999999958,"failureMessages":[],"meta":{},"tags":[]},{"ancestorTitles":["ActionBar","renders"],"fullName":"ActionBar renders shows Edit in the ActionBar on category detail routes.","status":"passed","title":"shows Edit in the ActionBar on category detail routes.","duration":23.59028699999999,"failureMessages":[],"meta":{},"tags":[]},{"ancestorTitles":["ActionBar","renders"],"fullName":"ActionBar renders shows Tickets for an approved requirement when ticket management is permitted.","status":"passed","title":"shows Tickets for an approved requirement when ticket management is permitted.","duration":18.611486999999897,"failureMessages":[],"meta":{},"tags":[]},{"ancestorTitles":["ActionBar","renders"],"fullName":"ActionBar renders hides requirement lookup on category routes.","status":"passed","title":"hides requirement lookup on category routes.","duration":9.92466400000012,"failureMessages":[],"meta":{},"tags":[]},{"ancestorTitles":["ActionBar","renders"],"fullName":"ActionBar renders hides requirement lookup and disables Create on requirement form routes.","status":"passed","title":"hides requirement lookup and disables Create on requirement form routes.","duration":11.903853000000026,"failureMessages":[],"meta":{},"tags":[]},{"ancestorTitles":["ActionBar","renders"],"fullName":"ActionBar renders hides requirement lookup and disables Create on category form routes.","status":"passed","title":"hides requirement lookup and disables Create on category form routes.","duration":10.985680000000002,"failureMessages":[],"meta":{},"tags":[]},{"ancestorTitles":["ActionBar","renders"],"fullName":"ActionBar renders shows New project on the Administrator projects overview","status":"passed","title":"shows New project on the Administrator projects overview","duration":16.373763000000054,"failureMessages":[],"meta":{},"tags":[]},{"ancestorTitles":["ActionBar","renders"],"fullName":"ActionBar renders shows project administration actions for a selected Administrator project","status":"passed","title":"shows project administration actions for a selected Administrator project","duration":17.505098999999973,"failureMessages":[],"meta":{},"tags":[]},{"ancestorTitles":["ActionBar","renders"],"fullName":"ActionBar renders disables project deletion when the selected project contains requirements","status":"passed","title":"disables project deletion when the selected project contains requirements","duration":16.082638999999972,"failureMessages":[],"meta":{},"tags":[]},{"ancestorTitles":["ActionBar","renders"],"fullName":"ActionBar renders shows the selected-user status action in the Administrator ActionBar","status":"passed","title":"shows the selected-user status action in the Administrator ActionBar","duration":10.188795000000027,"failureMessages":[],"meta":{},"tags":[]},{"ancestorTitles":["ActionBar"],"fullName":"ActionBar navigates to the requirement create route when Create is clicked on requirement routes.","status":"passed","title":"navigates to the requirement create route when Create is clicked on requirement routes.","duration":26.00949999999989,"failureMessages":[],"meta":{},"tags":[]},{"ancestorTitles":["ActionBar"],"fullName":"ActionBar navigates to the category create route when Create is clicked.","status":"passed","title":"navigates to the category create route when Create is clicked.","duration":22.019408999999996,"failureMessages":[],"meta":{},"tags":[]},{"ancestorTitles":["ActionBar"],"fullName":"ActionBar navigates from a category detail route to category edit mode.","status":"passed","title":"navigates from a category detail route to category edit mode.","duration":28.69688199999996,"failureMessages":[],"meta":{},"tags":[]},{"ancestorTitles":["ActionBar"],"fullName":"ActionBar hides requirement mutation actions for a Viewer while preserving lookup.","status":"passed","title":"hides requirement mutation actions for a Viewer while preserving lookup.","duration":17.232491999999866,"failureMessages":[],"meta":{},"tags":[]},{"ancestorTitles":["ActionBar"],"fullName":"ActionBar requires a reason and marks an approved requirement obsolete.","status":"passed","title":"requires a reason and marks an approved requirement obsolete.","duration":211.2365359999999,"failureMessages":[],"meta":{},"tags":[]},{"ancestorTitles":["RequirementKeyLookup"],"fullName":"RequirementKeyLookup calls onFindKey with the trimmed requirement key when Find requirement is clicked.","status":"passed","title":"calls onFindKey with the trimmed requirement key when Find requirement is clicked.","duration":24.25034000000005,"failureMessages":[],"meta":{},"tags":[]},{"ancestorTitles":["RequirementKeyLookup"],"fullName":"RequirementKeyLookup calls onFindKey with the trimmed requirement key when Enter is pressed.","status":"passed","title":"calls onFindKey with the trimmed requirement key when Enter is pressed.","duration":32.16427599999997,"failureMessages":[],"meta":{},"tags":[]},{"ancestorTitles":["RequirementKeyLookup"],"fullName":"RequirementKeyLookup does not call onFindKey when the input is empty.","status":"passed","title":"does not call onFindKey when the input is empty.","duration":20.66079099999979,"failureMessages":[],"meta":{},"tags":[]},{"ancestorTitles":["RequirementKeyLookup"],"fullName":"RequirementKeyLookup does not call onFindKey when the input contains only whitespace.","status":"passed","title":"does not call onFindKey when the input contains only whitespace.","duration":16.2510470000002,"failureMessages":[],"meta":{},"tags":[]},{"ancestorTitles":["RequirementKeyLookup"],"fullName":"RequirementKeyLookup passes changed input values to the action bar store.","status":"passed","title":"passes changed input values to the action bar store.","duration":13.468651000000136,"failureMessages":[],"meta":{},"tags":[]},{"ancestorTitles":["RequirementKeyLookup"],"fullName":"RequirementKeyLookup can be used without callbacks.","status":"passed","title":"can be used without callbacks.","duration":26.64347799999996,"failureMessages":[],"meta":{},"tags":[]}],"startTime":1789828386732,"endTime":1789828387862.6436,"status":"passed","message":"","name":"/home/node/frontend/test/components/RootLayout/TabBar/ActionBar.spec.tsx"},{"assertionResults":[{"ancestorTitles":["Tab"],"fullName":"Tab renders the tab group, select button, and close button.","status":"passed","title":"renders the tab group, select button, and close button.","duration":137.93936899999994,"failureMessages":[],"meta":{},"tags":[]},{"ancestorTitles":["Tab"],"fullName":"Tab hides the close button when the tab is not closable.","status":"passed","title":"hides the close button when the tab is not closable.","duration":9.420875000000024,"failureMessages":[],"meta":{},"tags":[]},{"ancestorTitles":["Tab"],"fullName":"Tab calls onClick when the select button is clicked.","status":"passed","title":"calls onClick when the select button is clicked.","duration":26.458016999999927,"failureMessages":[],"meta":{},"tags":[]},{"ancestorTitles":["Tab"],"fullName":"Tab calls onClose when the close button is clicked.","status":"passed","title":"calls onClose when the close button is clicked.","duration":20.580423999999994,"failureMessages":[],"meta":{},"tags":[]},{"ancestorTitles":["Tab"],"fullName":"Tab does not call onClick when the close button is clicked.","status":"passed","title":"does not call onClick when the close button is clicked.","duration":24.029987000000006,"failureMessages":[],"meta":{},"tags":[]},{"ancestorTitles":["Tab"],"fullName":"Tab exposes the active tab with aria-current.","status":"passed","title":"exposes the active tab with aria-current.","duration":17.42465900000002,"failureMessages":[],"meta":{},"tags":[]},{"ancestorTitles":["Tab"],"fullName":"Tab does not expose aria-current for an inactive tab.","status":"passed","title":"does not expose aria-current for an inactive tab.","duration":12.739522999999963,"failureMessages":[],"meta":{},"tags":[]}],"startTime":1789828397583,"endTime":1789828397831.7395,"status":"passed","message":"","name":"/home/node/frontend/test/components/RootLayout/TabBar/Tab.spec.tsx"},{"assertionResults":[{"ancestorTitles":["TabBar"],"fullName":"TabBar renders the workspace tabs navigation.","status":"passed","title":"renders the workspace tabs navigation.","duration":162.54761400000007,"failureMessages":[],"meta":{},"tags":[]},{"ancestorTitles":["TabBar"],"fullName":"TabBar navigates when a route-backed tab is clicked.","status":"passed","title":"navigates when a route-backed tab is clicked.","duration":80.86933199999999,"failureMessages":[],"meta":{},"tags":[]},{"ancestorTitles":["TabBar"],"fullName":"TabBar navigates back to the category list when the active category details tab is closed.","status":"passed","title":"navigates back to the category list when the active category details tab is closed.","duration":37.31163199999992,"failureMessages":[],"meta":{},"tags":[]},{"ancestorTitles":["TabBar"],"fullName":"TabBar does not navigate when an inactive tab is closed.","status":"passed","title":"does not navigate when an inactive tab is closed.","duration":37.64547500000003,"failureMessages":[],"meta":{},"tags":[]},{"ancestorTitles":["TabBar"],"fullName":"TabBar navigates to the next route-backed tab when the active tab is closed.","status":"passed","title":"navigates to the next route-backed tab when the active tab is closed.","duration":41.17953699999998,"failureMessages":[],"meta":{},"tags":[]}],"startTime":1789828394835,"endTime":1789828395194.1794,"status":"passed","message":"","name":"/home/node/frontend/test/components/RootLayout/TabBar/TabBar.spec.tsx"},{"assertionResults":[{"ancestorTitles":["ActionButton"],"fullName":"ActionButton renders the synchronize action.","status":"passed","title":"renders the synchronize action.","duration":142.65682700000002,"failureMessages":[],"meta":{},"tags":[]},{"ancestorTitles":["ActionButton"],"fullName":"ActionButton disables synchronization when requested.","status":"passed","title":"disables synchronization when requested.","duration":11.092288999999937,"failureMessages":[],"meta":{},"tags":[]},{"ancestorTitles":["ActionButton"],"fullName":"ActionButton calls onSynchronize when the synchronize button is clicked.","status":"passed","title":"calls onSynchronize when the synchronize button is clicked.","duration":25.326502000000005,"failureMessages":[],"meta":{},"tags":[]},{"ancestorTitles":["ActionButton"],"fullName":"ActionButton can be clicked without a callback.","status":"passed","title":"can be clicked without a callback.","duration":16.379753999999934,"failureMessages":[],"meta":{},"tags":[]}],"startTime":1789828399045,"endTime":1789828399241.3796,"status":"passed","message":"","name":"/home/node/frontend/test/components/RootLayout/Sidebar/ActionButton.spec.tsx"},{"assertionResults":[{"ancestorTitles":["ProjectDialog"],"fullName":"ProjectDialog does not render dialog content when visible is false.","status":"passed","title":"does not render dialog content when visible is false.","duration":75.40978100000007,"failureMessages":[],"meta":{},"tags":[]},{"ancestorTitles":["ProjectDialog"],"fullName":"ProjectDialog renders the Create project heading in create mode.","status":"passed","title":"renders the Create project heading in create mode.","duration":136.56298299999992,"failureMessages":[],"meta":{},"tags":[]},{"ancestorTitles":["ProjectDialog"],"fullName":"ProjectDialog renders the Rename project heading in rename mode.","status":"passed","title":"renders the Rename project heading in rename mode.","duration":125.518101,"failureMessages":[],"meta":{},"tags":[]},{"ancestorTitles":["ProjectDialog"],"fullName":"ProjectDialog starts with an empty input in create mode.","status":"passed","title":"starts with an empty input in create mode.","duration":40.91241600000012,"failureMessages":[],"meta":{},"tags":[]},{"ancestorTitles":["ProjectDialog"],"fullName":"ProjectDialog uses initialName as input value.","status":"passed","title":"uses initialName as input value.","duration":26.815536000000066,"failureMessages":[],"meta":{},"tags":[]},{"ancestorTitles":["ProjectDialog"],"fullName":"ProjectDialog shows a validation error when submitting an empty project name.","status":"passed","title":"shows a validation error when submitting an empty project name.","duration":73.44184300000006,"failureMessages":[],"meta":{},"tags":[]},{"ancestorTitles":["ProjectDialog"],"fullName":"ProjectDialog shows a validation error when submitting a whitespace-only project name.","status":"passed","title":"shows a validation error when submitting a whitespace-only project name.","duration":63.10204099999987,"failureMessages":[],"meta":{},"tags":[]},{"ancestorTitles":["ProjectDialog"],"fullName":"ProjectDialog calls onSubmit with the trimmed project name.","status":"passed","title":"calls onSubmit with the trimmed project name.","duration":92.99401699999999,"failureMessages":[],"meta":{},"tags":[]},{"ancestorTitles":["ProjectDialog"],"fullName":"ProjectDialog calls onCancel when Cancel is clicked.","status":"passed","title":"calls onCancel when Cancel is clicked.","duration":49.76009500000009,"failureMessages":[],"meta":{},"tags":[]},{"ancestorTitles":["ProjectDialog"],"fullName":"ProjectDialog disables the buttons and shows Creating while pending in create mode.","status":"passed","title":"disables the buttons and shows Creating while pending in create mode.","duration":41.568616999999904,"failureMessages":[],"meta":{},"tags":[]},{"ancestorTitles":["ProjectDialog"],"fullName":"ProjectDialog disables the buttons and shows Renaming while pending in rename mode.","status":"passed","title":"disables the buttons and shows Renaming while pending in rename mode.","duration":29.92931899999985,"failureMessages":[],"meta":{},"tags":[]},{"ancestorTitles":["ProjectDialog"],"fullName":"ProjectDialog does not call onCancel while pending.","status":"passed","title":"does not call onCancel while pending.","duration":33.01001199999996,"failureMessages":[],"meta":{},"tags":[]},{"ancestorTitles":["ProjectDialog"],"fullName":"ProjectDialog renders an error message from the parent.","status":"passed","title":"renders an error message from the parent.","duration":24.16474900000003,"failureMessages":[],"meta":{},"tags":[]},{"ancestorTitles":["ProjectDialog"],"fullName":"ProjectDialog does not render a close button.","status":"passed","title":"does not render a close button.","duration":27.06446200000005,"failureMessages":[],"meta":{},"tags":[]}],"startTime":1789828390407,"endTime":1789828391247.0645,"status":"passed","message":"","name":"/home/node/frontend/test/components/RootLayout/Sidebar/ProjectDialog.spec.tsx"},{"assertionResults":[{"ancestorTitles":["ProjectNavigationList"],"fullName":"ProjectNavigationList renders the empty state.","status":"passed","title":"renders the empty state.","duration":106.99780399999997,"failureMessages":[],"meta":{},"tags":[]},{"ancestorTitles":["ProjectNavigationList"],"fullName":"ProjectNavigationList renders projects.","status":"passed","title":"renders projects.","duration":53.36015899999995,"failureMessages":[],"meta":{},"tags":[]},{"ancestorTitles":["ProjectNavigationList"],"fullName":"ProjectNavigationList renders sub items and the requirements counter behind the project name.","status":"passed","title":"renders sub items and the requirements counter behind the project name.","duration":56.01761699999997,"failureMessages":[],"meta":{},"tags":[]},{"ancestorTitles":["ProjectNavigationList"],"fullName":"ProjectNavigationList marks the active project overview.","status":"passed","title":"marks the active project overview.","duration":24.85027600000012,"failureMessages":[],"meta":{},"tags":[]},{"ancestorTitles":["ProjectNavigationList"],"fullName":"ProjectNavigationList calls the project handlers.","status":"passed","title":"calls the project handlers.","duration":74.2992650000001,"failureMessages":[],"meta":{},"tags":[]},{"ancestorTitles":["ProjectNavigationList"],"fullName":"ProjectNavigationList renders projects in the provided order.","status":"passed","title":"renders projects in the provided order.","duration":20.743850000000066,"failureMessages":[],"meta":{},"tags":[]}],"startTime":1789828394008,"endTime":1789828394344.744,"status":"passed","message":"","name":"/home/node/frontend/test/components/RootLayout/Sidebar/ProjectNavigationList.spec.tsx"},{"assertionResults":[{"ancestorTitles":["Sidebar"],"fullName":"Sidebar renders the main sidebar regions.","status":"passed","title":"renders the main sidebar regions.","duration":135.47493800000007,"failureMessages":[],"meta":{},"tags":[]},{"ancestorTitles":["Sidebar"],"fullName":"Sidebar sorts projects by name before rendering the navigation list.","status":"passed","title":"sorts projects by name before rendering the navigation list.","duration":53.65452199999993,"failureMessages":[],"meta":{},"tags":[]},{"ancestorTitles":["Sidebar"],"fullName":"Sidebar uses the project summary requirement count behind each project name.","status":"passed","title":"uses the project summary requirement count behind each project name.","duration":40.00423399999988,"failureMessages":[],"meta":{},"tags":[]},{"ancestorTitles":["Sidebar"],"fullName":"Sidebar opens a project and updates the route-driven active sub item.","status":"passed","title":"opens a project and updates the route-driven active sub item.","duration":125.77269699999988,"failureMessages":[],"meta":{},"tags":[]},{"ancestorTitles":["Sidebar"],"fullName":"Sidebar disables project action buttons on category form routes.","status":"passed","title":"disables project action buttons on category form routes.","duration":13.859405000000152,"failureMessages":[],"meta":{},"tags":[]}],"startTime":1789828392805,"endTime":1789828393180.8594,"status":"passed","message":"","name":"/home/node/frontend/test/components/RootLayout/Sidebar/Sidebar.spec.tsx"},{"assertionResults":[{"ancestorTitles":["SidebarContextMenu"],"fullName":"SidebarContextMenu contains only project-workspace export actions.","status":"passed","title":"contains only project-workspace export actions.","duration":106.40883800000006,"failureMessages":[],"meta":{},"tags":[]}],"startTime":1789828401747,"endTime":1789828401853.409,"status":"passed","message":"","name":"/home/node/frontend/test/components/RootLayout/Sidebar/SidebarContextMenu.spec.tsx"},{"assertionResults":[{"ancestorTitles":["getActiveProjectRoute"],"fullName":"getActiveProjectRoute detects a project overview route.","status":"passed","title":"detects a project overview route.","duration":2.116288999999938,"failureMessages":[],"meta":{},"tags":[]},{"ancestorTitles":["getActiveProjectRoute"],"fullName":"getActiveProjectRoute detects a requirements route.","status":"passed","title":"detects a requirements route.","duration":0.249541000000022,"failureMessages":[],"meta":{},"tags":[]},{"ancestorTitles":["getActiveProjectRoute"],"fullName":"getActiveProjectRoute detects category routes including nested category detail routes.","status":"passed","title":"detects category routes including nested category detail routes.","duration":0.3821100000000115,"failureMessages":[],"meta":{},"tags":[]},{"ancestorTitles":["getActiveProjectRoute"],"fullName":"getActiveProjectRoute returns an empty object for non-project routes.","status":"passed","title":"returns an empty object for non-project routes.","duration":0.2183180000000675,"failureMessages":[],"meta":{},"tags":[]}],"startTime":1789828405367,"endTime":1789828405370.2183,"status":"passed","message":"","name":"/home/node/frontend/test/components/RootLayout/Sidebar/useActiveProjectRoute.spec.ts"},{"assertionResults":[{"ancestorTitles":["useProjectContextMenu"],"fullName":"useProjectContextMenu stores the project for the opened context menu and shows the PrimeReact menu.","status":"passed","title":"stores the project for the opened context menu and shows the PrimeReact menu.","duration":102.02322800000002,"failureMessages":[],"meta":{},"tags":[]}],"startTime":1789828402583,"endTime":1789828402685.0232,"status":"passed","message":"","name":"/home/node/frontend/test/components/RootLayout/Sidebar/useProjectContextMenu.spec.tsx"},{"assertionResults":[{"ancestorTitles":["useProjectNavigation"],"fullName":"useProjectNavigation starts expanded when the active route points to a project sub route.","status":"passed","title":"starts expanded when the active route points to a project sub route.","duration":41.63975299999993,"failureMessages":[],"meta":{},"tags":[]},{"ancestorTitles":["useProjectNavigation"],"fullName":"useProjectNavigation opens a collapsed project and navigates to its project details route.","status":"passed","title":"opens a collapsed project and navigates to its project details route.","duration":101.01505300000008,"failureMessages":[],"meta":{},"tags":[]},{"ancestorTitles":["useProjectNavigation"],"fullName":"useProjectNavigation collapses an expanded project and navigates to its project overview route.","status":"passed","title":"collapses an expanded project and navigates to its project overview route.","duration":30.194207000000006,"failureMessages":[],"meta":{},"tags":[]},{"ancestorTitles":["useProjectNavigation"],"fullName":"useProjectNavigation keeps a project expanded when one of its sub items is opened.","status":"passed","title":"keeps a project expanded when one of its sub items is opened.","duration":14.696183000000019,"failureMessages":[],"meta":{},"tags":[]}],"startTime":1789828398642,"endTime":1789828398829.6963,"status":"passed","message":"","name":"/home/node/frontend/test/components/RootLayout/Sidebar/useProjectNavigation.spec.tsx"}]}