{"numTotalTestSuites":145,"numPassedTestSuites":145,"numFailedTestSuites":0,"numPendingTestSuites":0,"numTotalTests":316,"numPassedTests":316,"numFailedTests":0,"numPendingTests":0,"numTodoTests":0,"snapshot":{"added":0,"failure":false,"filesAdded":0,"filesRemoved":0,"filesRemovedList":[],"filesUnmatched":0,"filesUpdated":0,"matched":0,"total":0,"unchecked":0,"uncheckedKeysByFile":[],"unmatched":0,"updated":0,"didUpdate":false},"startTime":1789993329106,"success":true,"testResults":[{"assertionResults":[{"ancestorTitles":["categoriesApi"],"fullName":"categoriesApi creates the generated list query key.","status":"passed","title":"creates the generated list query key.","duration":1.7983290000001944,"failureMessages":[],"meta":{},"tags":[]},{"ancestorTitles":["categoriesApi"],"fullName":"categoriesApi does not invent a missing requirement count.","status":"passed","title":"does not invent a missing requirement count.","duration":1.611311999999998,"failureMessages":[],"meta":{},"tags":[]},{"ancestorTitles":["categoriesApi"],"fullName":"categoriesApi normalizes create input.","status":"passed","title":"normalizes create input.","duration":0.7112059999999474,"failureMessages":[],"meta":{},"tags":[]},{"ancestorTitles":["categoriesApi"],"fullName":"categoriesApi lists and parses project categories through the generated API client.","status":"passed","title":"lists and parses project categories through the generated API client.","duration":1.6731939999999668,"failureMessages":[],"meta":{},"tags":[]},{"ancestorTitles":["categoriesApi"],"fullName":"categoriesApi creates a project category through the generated API client.","status":"passed","title":"creates a project category through the generated API client.","duration":0.5225020000000313,"failureMessages":[],"meta":{},"tags":[]},{"ancestorTitles":["categoriesApi"],"fullName":"categoriesApi updates a project category through the generated API client.","status":"passed","title":"updates a project category through the generated API client.","duration":0.433285000000069,"failureMessages":[],"meta":{},"tags":[]}],"startTime":1789993365225,"endTime":1789993365232.4333,"status":"passed","message":"","name":"/home/node/frontend/test/api/categoriesApi.spec.ts"},{"assertionResults":[{"ancestorTitles":["apiFetch"],"fullName":"apiFetch reads JSON responses and adds the default Accept header.","status":"passed","title":"reads JSON responses and adds the default Accept header.","duration":9.349229000000037,"failureMessages":[],"meta":{},"tags":[]},{"ancestorTitles":["apiFetch"],"fullName":"apiFetch adds the in-memory bearer token to authenticated requests.","status":"passed","title":"adds the in-memory bearer token to authenticated requests.","duration":1.1934249999999338,"failureMessages":[],"meta":{},"tags":[]},{"ancestorTitles":["apiFetch"],"fullName":"apiFetch keeps a caller-provided Accept header.","status":"passed","title":"keeps a caller-provided Accept header.","duration":0.5630859999999984,"failureMessages":[],"meta":{},"tags":[]},{"ancestorTitles":["apiFetch"],"fullName":"apiFetch returns undefined data for 204 responses.","status":"passed","title":"returns undefined data for 204 responses.","duration":0.3648969999999281,"failureMessages":[],"meta":{},"tags":[]},{"ancestorTitles":["apiFetch"],"fullName":"apiFetch throws ApiError for non-OK responses.","status":"passed","title":"throws ApiError for non-OK responses.","duration":0.6678110000000288,"failureMessages":[],"meta":{},"tags":[]},{"ancestorTitles":["apiFetch"],"fullName":"apiFetch clears authentication and throws a typed error for 401 responses.","status":"passed","title":"clears authentication and throws a typed error for 401 responses.","duration":215.78885700000012,"failureMessages":[],"meta":{},"tags":[]},{"ancestorTitles":["apiFetch"],"fullName":"apiFetch keeps authentication and throws a typed error for 403 responses.","status":"passed","title":"keeps authentication and throws a typed error for 403 responses.","duration":1.0732900000000427,"failureMessages":[],"meta":{},"tags":[]}],"startTime":1789993359109,"endTime":1789993359338.0732,"status":"passed","message":"","name":"/home/node/frontend/test/api/fetch.spec.ts"},{"assertionResults":[{"ancestorTitles":["projectPrefetch"],"fullName":"projectPrefetch prefetches project requirements with the collection backing query key.","status":"passed","title":"prefetches project requirements with the collection backing query key.","duration":3.212935000000016,"failureMessages":[],"meta":{},"tags":[]},{"ancestorTitles":["projectPrefetch"],"fullName":"projectPrefetch prefetches project categories with the collection backing query key.","status":"passed","title":"prefetches project categories with the collection backing query key.","duration":0.7874520000000302,"failureMessages":[],"meta":{},"tags":[]},{"ancestorTitles":["projectPrefetch"],"fullName":"projectPrefetch prefetches both datasets required by project details.","status":"passed","title":"prefetches both datasets required by project details.","duration":0.3676100000000133,"failureMessages":[],"meta":{},"tags":[]},{"ancestorTitles":["projectPrefetch"],"fullName":"projectPrefetch does not surface speculative prefetch failures.","status":"passed","title":"does not surface speculative prefetch failures.","duration":1.9080030000000079,"failureMessages":[],"meta":{},"tags":[]}],"startTime":1789993366177,"endTime":1789993366182.908,"status":"passed","message":"","name":"/home/node/frontend/test/api/projectPrefetch.spec.ts"},{"assertionResults":[{"ancestorTitles":["requirementsApi"],"fullName":"requirementsApi creates the list query key.","status":"passed","title":"creates the list query key.","duration":6.532717999999932,"failureMessages":[],"meta":{},"tags":[]},{"ancestorTitles":["requirementsApi"],"fullName":"requirementsApi parses a requirement.","status":"passed","title":"parses a requirement.","duration":7.3105249999998705,"failureMessages":[],"meta":{},"tags":[]},{"ancestorTitles":["requirementsApi"],"fullName":"requirementsApi requires a non-empty change reason for requirement updates.","status":"passed","title":"requires a non-empty change reason for requirement updates.","duration":1.3816199999998844,"failureMessages":[],"meta":{},"tags":[]},{"ancestorTitles":["requirementsApi"],"fullName":"requirementsApi parses an implementation ticket with a derived URL.","status":"passed","title":"parses an implementation ticket with a derived URL.","duration":0.8916890000000421,"failureMessages":[],"meta":{},"tags":[]},{"ancestorTitles":["requirementsApi"],"fullName":"requirementsApi lists and parses project requirements.","status":"passed","title":"lists and parses project requirements.","duration":2.0157090000000153,"failureMessages":[],"meta":{},"tags":[]},{"ancestorTitles":["requirementsApi"],"fullName":"requirementsApi lists requirement revisions through the current backend route.","status":"passed","title":"lists requirement revisions through the current backend route.","duration":0.927438999999822,"failureMessages":[],"meta":{},"tags":[]},{"ancestorTitles":["requirementsApi"],"fullName":"requirementsApi compares requirement revisions using the backend comparison contract.","status":"passed","title":"compares requirement revisions using the backend comparison contract.","duration":0.9206790000000638,"failureMessages":[],"meta":{},"tags":[]},{"ancestorTitles":["requirementsApi"],"fullName":"requirementsApi creates and updates implementation tickets with user-entered completer names.","status":"passed","title":"creates and updates implementation tickets with user-entered completer names.","duration":0.48384200000009514,"failureMessages":[],"meta":{},"tags":[]},{"ancestorTitles":["requirementsApi"],"fullName":"requirementsApi marks a requirement obsolete with a reason.","status":"passed","title":"marks a requirement obsolete with a reason.","duration":1.6121599999999034,"failureMessages":[],"meta":{},"tags":[]}],"startTime":1789993363112,"endTime":1789993363134.612,"status":"passed","message":"","name":"/home/node/frontend/test/api/requirementsApi.spec.ts"},{"assertionResults":[{"ancestorTitles":["reviewApi"],"fullName":"reviewApi creates comments without client-supplied actor names.","status":"passed","title":"creates comments without client-supplied actor names.","duration":5.449066000000016,"failureMessages":[],"meta":{},"tags":[]},{"ancestorTitles":["reviewApi"],"fullName":"reviewApi creates replies without client-supplied actor names.","status":"passed","title":"creates replies without client-supplied actor names.","duration":1.1260910000000877,"failureMessages":[],"meta":{},"tags":[]},{"ancestorTitles":["reviewApi"],"fullName":"reviewApi resolves comments without client-supplied resolver names.","status":"passed","title":"resolves comments without client-supplied resolver names.","duration":0.41965400000003683,"failureMessages":[],"meta":{},"tags":[]},{"ancestorTitles":["reviewApi"],"fullName":"reviewApi approves and rejects without client-supplied reviewer names.","status":"passed","title":"approves and rejects without client-supplied reviewer names.","duration":4.750182999999993,"failureMessages":[],"meta":{},"tags":[]}],"startTime":1789993364141,"endTime":1789993364152.7502,"status":"passed","message":"","name":"/home/node/frontend/test/api/reviewApi.spec.ts"},{"assertionResults":[{"ancestorTitles":["AdministratorRoute"],"fullName":"AdministratorRoute renders the dedicated Administrator workspace for an Administrator","status":"passed","title":"renders the dedicated Administrator workspace for an Administrator","duration":139.80477800000017,"failureMessages":[],"meta":{},"tags":[]},{"ancestorTitles":["AdministratorRoute"],"fullName":"AdministratorRoute redirects a project-scoped account to the project workspace","status":"passed","title":"redirects a project-scoped account to the project workspace","duration":34.36302300000011,"failureMessages":[],"meta":{},"tags":[]}],"startTime":1789993359782,"endTime":1789993359956.363,"status":"passed","message":"","name":"/home/node/frontend/test/auth/AdministratorRoute.spec.tsx"},{"assertionResults":[{"ancestorTitles":["ProjectPermissionRoute"],"fullName":"ProjectPermissionRoute renders project content when the account has the required permission","status":"passed","title":"renders project content when the account has the required permission","duration":171.856898,"failureMessages":[],"meta":{},"tags":[]},{"ancestorTitles":["ProjectPermissionRoute"],"fullName":"ProjectPermissionRoute redirects a member without mutation permission to the project overview","status":"passed","title":"redirects a member without mutation permission to the project overview","duration":18.10852900000009,"failureMessages":[],"meta":{},"tags":[]},{"ancestorTitles":["ProjectPermissionRoute"],"fullName":"ProjectPermissionRoute redirects a non-member without read permission to the workspace","status":"passed","title":"redirects a non-member without read permission to the workspace","duration":6.982766000000083,"failureMessages":[],"meta":{},"tags":[]}],"startTime":1789993352065,"endTime":1789993352262.9827,"status":"passed","message":"","name":"/home/node/frontend/test/auth/ProjectPermissionRoute.spec.tsx"},{"assertionResults":[{"ancestorTitles":["ProtectedRoute"],"fullName":"ProtectedRoute redirects unauthenticated users and preserves the complete requested URL.","status":"passed","title":"redirects unauthenticated users and preserves the complete requested URL.","duration":216.8893189999999,"failureMessages":[],"meta":{},"tags":[]},{"ancestorTitles":["ProtectedRoute"],"fullName":"ProtectedRoute renders protected content for an authenticated session.","status":"passed","title":"renders protected content for an authenticated session.","duration":81.925432,"failureMessages":[],"meta":{},"tags":[]},{"ancestorTitles":["ProtectedRoute"],"fullName":"ProtectedRoute returns to login with an expiry reason when authentication fails.","status":"passed","title":"returns to login with an expiry reason when authentication fails.","duration":153.68669699999987,"failureMessages":[],"meta":{},"tags":[]}],"startTime":1789993353814,"endTime":1789993354266.6868,"status":"passed","message":"","name":"/home/node/frontend/test/auth/ProtectedRoute.spec.tsx"},{"assertionResults":[{"ancestorTitles":["account validation"],"fullName":"account validation uses the backend username constraints","status":"passed","title":"uses the backend username constraints","duration":7.075233000000026,"failureMessages":[],"meta":{},"tags":[]},{"ancestorTitles":["account validation"],"fullName":"account validation requires a complete email address","status":"passed","title":"requires a complete email address","duration":0.2995050000000674,"failureMessages":[],"meta":{},"tags":[]},{"ancestorTitles":["account validation"],"fullName":"account validation accepts passwords between 15 and 128 characters","status":"passed","title":"accepts passwords between 15 and 128 characters","duration":0.25979400000005626,"failureMessages":[],"meta":{},"tags":[]}],"startTime":1789993368738,"endTime":1789993368746.2996,"status":"passed","message":"","name":"/home/node/frontend/test/auth/accountValidation.spec.ts"},{"assertionResults":[{"ancestorTitles":["authentication routes"],"fullName":"authentication routes preserves internal application destinations.","status":"passed","title":"preserves internal application destinations.","duration":59.22531900000001,"failureMessages":[],"meta":{},"tags":[]},{"ancestorTitles":["authentication routes"],"fullName":"authentication routes falls back to the workspace for unsafe login state.","status":"passed","title":"falls back to the workspace for unsafe login state.","duration":1.275449999999978,"failureMessages":[],"meta":{},"tags":[]},{"ancestorTitles":["authentication routes"],"fullName":"authentication routes falls back to the workspace for unsafe login state.","status":"passed","title":"falls back to the workspace for unsafe login state.","duration":0.17775899999992362,"failureMessages":[],"meta":{},"tags":[]},{"ancestorTitles":["authentication routes"],"fullName":"authentication routes falls back to the workspace for unsafe login state.","status":"passed","title":"falls back to the workspace for unsafe login state.","duration":0.746972000000028,"failureMessages":[],"meta":{},"tags":[]},{"ancestorTitles":["authentication routes"],"fullName":"authentication routes falls back to the workspace for unsafe login state.","status":"passed","title":"falls back to the workspace for unsafe login state.","duration":0.860027999999943,"failureMessages":[],"meta":{},"tags":[]},{"ancestorTitles":["authentication routes"],"fullName":"authentication routes falls back to the workspace for unsafe login state.","status":"passed","title":"falls back to the workspace for unsafe login state.","duration":0.8917409999999109,"failureMessages":[],"meta":{},"tags":[]},{"ancestorTitles":["authentication routes"],"fullName":"authentication routes falls back to the workspace for unsafe login state.","status":"passed","title":"falls back to the workspace for unsafe login state.","duration":0.7197859999999991,"failureMessages":[],"meta":{},"tags":[]},{"ancestorTitles":["authentication routes"],"fullName":"authentication routes falls back to the workspace for unsafe login state.","status":"passed","title":"falls back to the workspace for unsafe login state.","duration":0.12907900000004702,"failureMessages":[],"meta":{},"tags":[]},{"ancestorTitles":["authentication routes"],"fullName":"authentication routes builds a relative URL from the current router location.","status":"passed","title":"builds a relative URL from the current router location.","duration":0.1741180000000213,"failureMessages":[],"meta":{},"tags":[]}],"startTime":1789993368140,"endTime":1789993368205.174,"status":"passed","message":"","name":"/home/node/frontend/test/auth/authRoutes.spec.ts"},{"assertionResults":[{"ancestorTitles":["handleAuthenticationFailure"],"fullName":"handleAuthenticationFailure clears every user-scoped store and notifies navigation listeners.","status":"passed","title":"clears every user-scoped store and notifies navigation listeners.","duration":7.756126999999992,"failureMessages":[],"meta":{},"tags":[]}],"startTime":1789993367245,"endTime":1789993367252.756,"status":"passed","message":"","name":"/home/node/frontend/test/auth/authenticationFailure.spec.ts"},{"assertionResults":[{"ancestorTitles":["global permissions"],"fullName":"global permissions identifies administrators from the single account role","status":"passed","title":"identifies administrators from the single account role","duration":1.7655069999999569,"failureMessages":[],"meta":{},"tags":[]},{"ancestorTitles":["project permissions"],"fullName":"project permissions denies project access without membership","status":"passed","title":"denies project access without membership","duration":0.37741700000003675,"failureMessages":[],"meta":{},"tags":[]},{"ancestorTitles":["project permissions"],"fullName":"project permissions grants read-only access to viewers","status":"passed","title":"grants read-only access to viewers","duration":0.21681300000000192,"failureMessages":[],"meta":{},"tags":[]},{"ancestorTitles":["project permissions"],"fullName":"project permissions grants ticket management to developers without requirement management","status":"passed","title":"grants ticket management to developers without requirement management","duration":0.18907399999989138,"failureMessages":[],"meta":{},"tags":[]},{"ancestorTitles":["project permissions"],"fullName":"project permissions grants requirement and ticket management to requirements engineers","status":"passed","title":"grants requirement and ticket management to requirements engineers","duration":0.2619610000000421,"failureMessages":[],"meta":{},"tags":[]},{"ancestorTitles":["project permissions"],"fullName":"project permissions denies Administrators all project-content permissions","status":"passed","title":"denies Administrators all project-content permissions","duration":0.13637600000004113,"failureMessages":[],"meta":{},"tags":[]}],"startTime":1789993366357,"endTime":1789993366360.262,"status":"passed","message":"","name":"/home/node/frontend/test/auth/projectPermissions.spec.ts"},{"assertionResults":[{"ancestorTitles":["Tooltip","renders"],"fullName":"Tooltip renders the tooltip after hovering for the configured delay.","status":"passed","title":"the tooltip after hovering for the configured delay.","duration":263.4203889999999,"failureMessages":[],"meta":{},"tags":[]},{"ancestorTitles":["Tooltip","renders"],"fullName":"Tooltip renders the tooltip after focusing for the configured delay.","status":"passed","title":"the tooltip after focusing for the configured delay.","duration":16.50110799999993,"failureMessages":[],"meta":{},"tags":[]},{"ancestorTitles":["Tooltip","shows / hides"],"fullName":"Tooltip shows / hides does not show the tooltip when hovering ends before the delay.","status":"passed","title":"does not show the tooltip when hovering ends before the delay.","duration":10.08205799999996,"failureMessages":[],"meta":{},"tags":[]},{"ancestorTitles":["Tooltip","shows / hides"],"fullName":"Tooltip shows / hides hides the tooltip when hovering ends.","status":"passed","title":"hides the tooltip when hovering ends.","duration":16.801116999999977,"failureMessages":[],"meta":{},"tags":[]}],"startTime":1789993357689,"endTime":1789993357998.801,"status":"passed","message":"","name":"/home/node/frontend/test/components/Tooltip.spec.tsx"},{"assertionResults":[{"ancestorTitles":["administrationRoutes"],"fullName":"administrationRoutes builds Administrator detail routes.","status":"passed","title":"builds Administrator detail routes.","duration":1.7883659999999963,"failureMessages":[],"meta":{},"tags":[]},{"ancestorTitles":["administrationRoutes"],"fullName":"administrationRoutes resolves the active Administrator section.","status":"passed","title":"resolves the active Administrator section.","duration":0.3087759999999662,"failureMessages":[],"meta":{},"tags":[]}],"startTime":1789993368787,"endTime":1789993368789.3088,"status":"passed","message":"","name":"/home/node/frontend/test/router/administrationRoutes.spec.ts"},{"assertionResults":[{"ancestorTitles":["projectRoutes"],"fullName":"projectRoutes builds project routes.","status":"passed","title":"builds project routes.","duration":1.433477000000039,"failureMessages":[],"meta":{},"tags":[]},{"ancestorTitles":["projectRoutes"],"fullName":"projectRoutes resolves the active project route and sub route from a pathname.","status":"passed","title":"resolves the active project route and sub route from a pathname.","duration":1.4958749999999554,"failureMessages":[],"meta":{},"tags":[]},{"ancestorTitles":["projectRoutes"],"fullName":"projectRoutes derives the close route from category detail and form routes.","status":"passed","title":"derives the close route from category detail and form routes.","duration":0.414496999999983,"failureMessages":[],"meta":{},"tags":[]},{"ancestorTitles":["projectRoutes"],"fullName":"projectRoutes derives the close route from requirement details routes.","status":"passed","title":"derives the close route from requirement details routes.","duration":0.280982999999992,"failureMessages":[],"meta":{},"tags":[]},{"ancestorTitles":["projectRoutes"],"fullName":"projectRoutes returns undefined for list routes.","status":"passed","title":"returns undefined for list routes.","duration":0.2834530000000086,"failureMessages":[],"meta":{},"tags":[]}],"startTime":1789993367857,"endTime":1789993367861.2834,"status":"passed","message":"","name":"/home/node/frontend/test/router/projectRoutes.spec.ts"},{"assertionResults":[{"ancestorTitles":["authStore"],"fullName":"authStore starts unauthenticated and exposes no token.","status":"passed","title":"starts unauthenticated and exposes no token.","duration":1.9797790000000077,"failureMessages":[],"meta":{},"tags":[]},{"ancestorTitles":["authStore"],"fullName":"authStore keeps the authenticated user and opaque token in memory.","status":"passed","title":"keeps the authenticated user and opaque token in memory.","duration":0.5383849999999484,"failureMessages":[],"meta":{},"tags":[]},{"ancestorTitles":["authStore"],"fullName":"authStore removes the complete authenticated session.","status":"passed","title":"removes the complete authenticated session.","duration":0.17614500000001954,"failureMessages":[],"meta":{},"tags":[]},{"ancestorTitles":["authStore"],"fullName":"authStore can retain the reason why an authenticated session ended.","status":"passed","title":"can retain the reason why an authenticated session ended.","duration":0.20948199999997996,"failureMessages":[],"meta":{},"tags":[]}],"startTime":1789993367993,"endTime":1789993367996.2095,"status":"passed","message":"","name":"/home/node/frontend/test/stores/authStore.spec.ts"},{"assertionResults":[{"ancestorTitles":["tabBarStore"],"fullName":"tabBarStore opens a new tab and activates it.","status":"passed","title":"opens a new tab and activates it.","duration":2.7074589999999716,"failureMessages":[],"meta":{},"tags":[]},{"ancestorTitles":["tabBarStore"],"fullName":"tabBarStore activates an existing tab instead of adding it twice.","status":"passed","title":"activates an existing tab instead of adding it twice.","duration":1.1548950000000104,"failureMessages":[],"meta":{},"tags":[]},{"ancestorTitles":["tabBarStore"],"fullName":"tabBarStore does not activate a missing tab.","status":"passed","title":"does not activate a missing tab.","duration":0.2171170000000302,"failureMessages":[],"meta":{},"tags":[]},{"ancestorTitles":["tabBarStore"],"fullName":"tabBarStore closes the active tab and activates the tab at the same position.","status":"passed","title":"closes the active tab and activates the tab at the same position.","duration":0.36869100000001254,"failureMessages":[],"meta":{},"tags":[]},{"ancestorTitles":["tabBarStore"],"fullName":"tabBarStore does not close non-closable tabs.","status":"passed","title":"does not close non-closable tabs.","duration":0.22370200000000295,"failureMessages":[],"meta":{},"tags":[]},{"ancestorTitles":["tabBarStore"],"fullName":"tabBarStore clears the active tab.","status":"passed","title":"clears the active tab.","duration":0.2112130000000434,"failureMessages":[],"meta":{},"tags":[]}],"startTime":1789993367188,"endTime":1789993367193.2236,"status":"passed","message":"","name":"/home/node/frontend/test/stores/tabBarStore.spec.ts"},{"assertionResults":[{"ancestorTitles":["public account recovery pages"],"fullName":"public account recovery pages confirms an email token only once under React Strict Mode","status":"passed","title":"confirms an email token only once under React Strict Mode","duration":89.82604199999992,"failureMessages":[],"meta":{},"tags":[]},{"ancestorTitles":["public account recovery pages"],"fullName":"public account recovery pages resends verification without revealing whether the account exists","status":"passed","title":"resends verification without revealing whether the account exists","duration":496.110537,"failureMessages":[],"meta":{},"tags":[]},{"ancestorTitles":["public account recovery pages"],"fullName":"public account recovery pages requests a password reset with a normalized email and a generic response","status":"passed","title":"requests a password reset with a normalized email and a generic response","duration":175.04760699999997,"failureMessages":[],"meta":{},"tags":[]},{"ancestorTitles":["public account recovery pages"],"fullName":"public account recovery pages sets a new password using the reset token","status":"passed","title":"sets a new password using the reset token","duration":406.8604770000002,"failureMessages":[],"meta":{},"tags":[]},{"ancestorTitles":["public account recovery pages"],"fullName":"public account recovery pages does not render a password form without a reset token","status":"passed","title":"does not render a password form without a reset token","duration":17.404774999999972,"failureMessages":[],"meta":{},"tags":[]}],"startTime":1789993341547,"endTime":1789993342732.4048,"status":"passed","message":"","name":"/home/node/frontend/test/pages/AccountRecoveryPages.spec.tsx"},{"assertionResults":[{"ancestorTitles":["AdministratorProjectsPage"],"fullName":"AdministratorProjectsPage shows a compact overview of every project on the projects root","status":"passed","title":"shows a compact overview of every project on the projects root","duration":264.12055899999996,"failureMessages":[],"meta":{},"tags":[]},{"ancestorTitles":["AdministratorProjectsPage"],"fullName":"AdministratorProjectsPage shows only administrative project summary data and settings","status":"passed","title":"shows only administrative project summary data and settings","duration":173.02205300000014,"failureMessages":[],"meta":{},"tags":[]},{"ancestorTitles":["AdministratorProjectsPage"],"fullName":"AdministratorProjectsPage adds membership through the ActionBar-triggered dialog","status":"passed","title":"adds membership through the ActionBar-triggered dialog","duration":208.19136600000002,"failureMessages":[],"meta":{},"tags":[]},{"ancestorTitles":["AdministratorProjectsPage"],"fullName":"AdministratorProjectsPage opens the shared project dialog when the ActionBar requests project creation","status":"passed","title":"opens the shared project dialog when the ActionBar requests project creation","duration":68.69703699999991,"failureMessages":[],"meta":{},"tags":[]}],"startTime":1789993348522,"endTime":1789993349235.697,"status":"passed","message":"","name":"/home/node/frontend/test/pages/AdministratorProjectsPage.spec.tsx"},{"assertionResults":[{"ancestorTitles":["AuthenticationEntryPage"],"fullName":"AuthenticationEntryPage shows login after confirming that bootstrap is complete.","status":"passed","title":"shows login after confirming that bootstrap is complete.","duration":238.81874199999993,"failureMessages":[],"meta":{},"tags":[]},{"ancestorTitles":["AuthenticationEntryPage"],"fullName":"AuthenticationEntryPage shows initial Administrator registration while bootstrap is available.","status":"passed","title":"shows initial Administrator registration while bootstrap is available.","duration":52.608711000000085,"failureMessages":[],"meta":{},"tags":[]},{"ancestorTitles":["AuthenticationEntryPage"],"fullName":"AuthenticationEntryPage does not expose login when bootstrap status cannot be established and supports retry.","status":"passed","title":"does not expose login when bootstrap status cannot be established and supports retry.","duration":91.19491000000016,"failureMessages":[],"meta":{},"tags":[]},{"ancestorTitles":["AuthenticationEntryPage"],"fullName":"AuthenticationEntryPage rejects malformed bootstrap status responses.","status":"passed","title":"rejects malformed bootstrap status responses.","duration":16.498227000000043,"failureMessages":[],"meta":{},"tags":[]}],"startTime":1789993352235,"endTime":1789993352633.4983,"status":"passed","message":"","name":"/home/node/frontend/test/pages/AuthenticationEntryPage.spec.tsx"},{"assertionResults":[{"ancestorTitles":["BootstrapAdministratorPage"],"fullName":"BootstrapAdministratorPage uses standard text-field styling for email and every password input.","status":"passed","title":"uses standard text-field styling for email and every password input.","duration":251.37521900000002,"failureMessages":[],"meta":{},"tags":[]},{"ancestorTitles":["BootstrapAdministratorPage"],"fullName":"BootstrapAdministratorPage validates matching passwords before enabling registration.","status":"passed","title":"validates matching passwords before enabling registration.","duration":306.45742999999993,"failureMessages":[],"meta":{},"tags":[]},{"ancestorTitles":["BootstrapAdministratorPage"],"fullName":"BootstrapAdministratorPage submits normalized account data and explains the email-verification step.","status":"passed","title":"submits normalized account data and explains the email-verification step.","duration":1172.958176,"failureMessages":[],"meta":{},"tags":[]},{"ancestorTitles":["BootstrapAdministratorPage"],"fullName":"BootstrapAdministratorPage switches to normal login when another request completed bootstrap first.","status":"passed","title":"switches to normal login when another request completed bootstrap first.","duration":1256.617569,"failureMessages":[],"meta":{},"tags":[]},{"ancestorTitles":["BootstrapAdministratorPage"],"fullName":"BootstrapAdministratorPage shows a specific retry-later message for rate limiting.","status":"passed","title":"shows a specific retry-later message for rate limiting.","duration":1106.6802679999992,"failureMessages":[],"meta":{},"tags":[]}],"startTime":1789993331543,"endTime":1789993335637.6802,"status":"passed","message":"","name":"/home/node/frontend/test/pages/BootstrapAdministratorPage.spec.tsx"},{"assertionResults":[{"ancestorTitles":["LoginPage"],"fullName":"LoginPage styles the password field like the username field while preserving password input behavior.","status":"passed","title":"styles the password field like the username field while preserving password input behavior.","duration":216.01086299999997,"failureMessages":[],"meta":{},"tags":[]},{"ancestorTitles":["LoginPage"],"fullName":"LoginPage links to registration and password recovery.","status":"passed","title":"links to registration and password recovery.","duration":114.03235700000005,"failureMessages":[],"meta":{},"tags":[]},{"ancestorTitles":["LoginPage"],"fullName":"LoginPage signs in, stores the session, and returns to the requested route.","status":"passed","title":"signs in, stores the session, and returns to the requested route.","duration":219.72145200000023,"failureMessages":[],"meta":{},"tags":[]},{"ancestorTitles":["LoginPage"],"fullName":"LoginPage shows a generic error without disclosing the account state.","status":"passed","title":"shows a generic error without disclosing the account state.","duration":165.73432300000013,"failureMessages":[],"meta":{},"tags":[]},{"ancestorTitles":["LoginPage"],"fullName":"LoginPage explains when the previous session expired.","status":"passed","title":"explains when the previous session expired.","duration":67.42628500000001,"failureMessages":[],"meta":{},"tags":[]},{"ancestorTitles":["LoginPage"],"fullName":"LoginPage redirects an already authenticated user without showing the login form.","status":"passed","title":"redirects an already authenticated user without showing the login form.","duration":7.48378700000012,"failureMessages":[],"meta":{},"tags":[]}],"startTime":1789993341878,"endTime":1789993342668.484,"status":"passed","message":"","name":"/home/node/frontend/test/pages/LoginPage.spec.tsx"},{"assertionResults":[{"ancestorTitles":["ProjectDetailsPage"],"fullName":"ProjectDetailsPage links to requirements for a project-scoped user.","status":"passed","title":"links to requirements for a project-scoped user.","duration":221.2136240000002,"failureMessages":[],"meta":{},"tags":[]}],"startTime":1789993356490,"endTime":1789993356711.2136,"status":"passed","message":"","name":"/home/node/frontend/test/pages/ProjectDetailsPage.spec.tsx"},{"assertionResults":[{"ancestorTitles":["RegistrationPage"],"fullName":"RegistrationPage uses the standard text-field styling for email and password inputs.","status":"passed","title":"uses the standard text-field styling for email and password inputs.","duration":194.20733899999982,"failureMessages":[],"meta":{},"tags":[]},{"ancestorTitles":["RegistrationPage"],"fullName":"RegistrationPage submits normalized local-account data and explains the activation steps","status":"passed","title":"submits normalized local-account data and explains the activation steps","duration":877.370653,"failureMessages":[],"meta":{},"tags":[]},{"ancestorTitles":["RegistrationPage"],"fullName":"RegistrationPage does not expose backend account details when registration fails","status":"passed","title":"does not expose backend account details when registration fails","duration":751.9713489999999,"failureMessages":[],"meta":{},"tags":[]}],"startTime":1789993335466,"endTime":1789993337289.9714,"status":"passed","message":"","name":"/home/node/frontend/test/pages/RegistrationPage.spec.tsx"},{"assertionResults":[{"ancestorTitles":["RootLayout"],"fullName":"RootLayout uses the dedicated Administrator sidebar for Administrator accounts","status":"passed","title":"uses the dedicated Administrator sidebar for Administrator accounts","duration":150.1388240000001,"failureMessages":[],"meta":{},"tags":[]},{"ancestorTitles":["RootLayout"],"fullName":"RootLayout uses project navigation for project-scoped accounts","status":"passed","title":"uses project navigation for project-scoped accounts","duration":11.659873000000061,"failureMessages":[],"meta":{},"tags":[]}],"startTime":1789993359246,"endTime":1789993359407.66,"status":"passed","message":"","name":"/home/node/frontend/test/pages/RootLayout.spec.tsx"},{"assertionResults":[{"ancestorTitles":["UserAdministrationPage"],"fullName":"UserAdministrationPage renders the expanded full-width user table with login presence and actions","status":"passed","title":"renders the expanded full-width user table with login presence and actions","duration":414.06278199999997,"failureMessages":[],"meta":{},"tags":[]},{"ancestorTitles":["UserAdministrationPage"],"fullName":"UserAdministrationPage disables self-deactivation and self-session revocation in the user table","status":"passed","title":"disables self-deactivation and self-session revocation in the user table","duration":62.95077900000001,"failureMessages":[],"meta":{},"tags":[]},{"ancestorTitles":["UserAdministrationPage"],"fullName":"UserAdministrationPage blocks the role dialog while the selected user is logged in","status":"passed","title":"blocks the role dialog while the selected user is logged in","duration":209.80626400000006,"failureMessages":[],"meta":{},"tags":[]},{"ancestorTitles":["UserAdministrationPage"],"fullName":"UserAdministrationPage temporarily deactivates an active logged-out user before opening the role dialog and reactivates on cancel","status":"passed","title":"temporarily deactivates an active logged-out user before opening the role dialog and reactivates on cancel","duration":440.5559010000002,"failureMessages":[],"meta":{},"tags":[]},{"ancestorTitles":["UserAdministrationPage"],"fullName":"UserAdministrationPage saves a role change and restores the temporarily deactivated account","status":"passed","title":"saves a role change and restores the temporarily deactivated account","duration":300.0458389999999,"failureMessages":[],"meta":{},"tags":[]},{"ancestorTitles":["UserAdministrationPage"],"fullName":"UserAdministrationPage moves selected-user account status administration into the ActionBar","status":"passed","title":"moves selected-user account status administration into the ActionBar","duration":19.167308000000048,"failureMessages":[],"meta":{},"tags":[]},{"ancestorTitles":["UserAdministrationPage"],"fullName":"UserAdministrationPage shows user metadata without the old sessions section or account-role dropdown","status":"passed","title":"shows user metadata without the old sessions section or account-role dropdown","duration":21.74548199999981,"failureMessages":[],"meta":{},"tags":[]}],"startTime":1789993338752,"endTime":1789993340220.7454,"status":"passed","message":"","name":"/home/node/frontend/test/pages/UserAdministrationPage.spec.tsx"},{"assertionResults":[{"ancestorTitles":["UserDetails"],"fullName":"UserDetails shows account metadata without the redundant username or local account-state control","status":"passed","title":"shows account metadata without the redundant username or local account-state control","duration":240.81541199999992,"failureMessages":[],"meta":{},"tags":[]},{"ancestorTitles":["UserDetails"],"fullName":"UserDetails opens role administration from the role metadata link","status":"passed","title":"opens role administration from the role metadata link","duration":77.4448309999998,"failureMessages":[],"meta":{},"tags":[]}],"startTime":1789993355624,"endTime":1789993355942.4448,"status":"passed","message":"","name":"/home/node/frontend/test/pages/UserDetails.spec.tsx"},{"assertionResults":[{"ancestorTitles":["WorkspacePage"],"fullName":"WorkspacePage redirects Administrators directly to the dedicated Administrator workspace","status":"passed","title":"redirects Administrators directly to the dedicated Administrator workspace","duration":188.00033600000006,"failureMessages":[],"meta":{},"tags":[]},{"ancestorTitles":["WorkspacePage"],"fullName":"WorkspacePage keeps project-scoped accounts in the project workspace","status":"passed","title":"keeps project-scoped accounts in the project workspace","duration":11.354089000000158,"failureMessages":[],"meta":{},"tags":[]}],"startTime":1789993357939,"endTime":1789993358138.354,"status":"passed","message":"","name":"/home/node/frontend/test/pages/WorkspacePage.spec.tsx"},{"assertionResults":[{"ancestorTitles":["projectCategoriesCollection"],"fullName":"projectCategoriesCollection creates and caches a category collection per project.","status":"passed","title":"creates and caches a category collection per project.","duration":3.436368000000016,"failureMessages":[],"meta":{},"tags":[]},{"ancestorTitles":["projectCategoriesCollection"],"fullName":"projectCategoriesCollection clears cached collections at an authentication boundary.","status":"passed","title":"clears cached collections at an authentication boundary.","duration":3.553829999999948,"failureMessages":[],"meta":{},"tags":[]},{"ancestorTitles":["projectCategoriesCollection"],"fullName":"projectCategoriesCollection configures the collection with the project category query.","status":"passed","title":"configures the collection with the project category query.","duration":1.7372119999999995,"failureMessages":[],"meta":{},"tags":[]},{"ancestorTitles":["projectCategoriesCollection"],"fullName":"projectCategoriesCollection uses the category id as collection key.","status":"passed","title":"uses the category id as collection key.","duration":0.40818500000000313,"failureMessages":[],"meta":{},"tags":[]},{"ancestorTitles":["projectCategoriesCollection"],"fullName":"projectCategoriesCollection loads categories for the configured project id.","status":"passed","title":"loads categories for the configured project id.","duration":1.0216839999999365,"failureMessages":[],"meta":{},"tags":[]}],"startTime":1789993365266,"endTime":1789993365276.0217,"status":"passed","message":"","name":"/home/node/frontend/test/api/collections/projectCategoriesCollection.spec.ts"},{"assertionResults":[{"ancestorTitles":["projectRequirementsCollection"],"fullName":"projectRequirementsCollection creates and caches a requirements collection per project.","status":"passed","title":"creates and caches a requirements collection per project.","duration":2.2029679999999416,"failureMessages":[],"meta":{},"tags":[]},{"ancestorTitles":["projectRequirementsCollection"],"fullName":"projectRequirementsCollection clears cached collections at an authentication boundary.","status":"passed","title":"clears cached collections at an authentication boundary.","duration":0.82439700000009,"failureMessages":[],"meta":{},"tags":[]},{"ancestorTitles":["projectRequirementsCollection"],"fullName":"projectRequirementsCollection configures the collection with the project requirements query.","status":"passed","title":"configures the collection with the project requirements query.","duration":1.774815999999987,"failureMessages":[],"meta":{},"tags":[]},{"ancestorTitles":["projectRequirementsCollection"],"fullName":"projectRequirementsCollection uses the requirement id as collection key.","status":"passed","title":"uses the requirement id as collection key.","duration":3.6889750000000276,"failureMessages":[],"meta":{},"tags":[]},{"ancestorTitles":["projectRequirementsCollection"],"fullName":"projectRequirementsCollection loads requirements for the configured project id.","status":"passed","title":"loads requirements for the configured project id.","duration":1.1737079999999196,"failureMessages":[],"meta":{},"tags":[]}],"startTime":1789993366145,"endTime":1789993366155.1738,"status":"passed","message":"","name":"/home/node/frontend/test/api/collections/projectRequirementsCollection.spec.ts"},{"assertionResults":[{"ancestorTitles":["projectsCollection"],"fullName":"projectsCollection configures the collection with the project query.","status":"passed","title":"configures the collection with the project query.","duration":2.628738999999996,"failureMessages":[],"meta":{},"tags":[]},{"ancestorTitles":["projectsCollection"],"fullName":"projectsCollection uses the project id as collection key.","status":"passed","title":"uses the project id as collection key.","duration":0.3861389999999574,"failureMessages":[],"meta":{},"tags":[]},{"ancestorTitles":["projectsCollection"],"fullName":"projectsCollection loads projects through the domain-facing API wrapper.","status":"passed","title":"loads projects through the domain-facing API wrapper.","duration":1.0296509999999444,"failureMessages":[],"meta":{},"tags":[]},{"ancestorTitles":["projectsCollection"],"fullName":"projectsCollection cleans up and recreates the global collection at an authentication boundary.","status":"passed","title":"cleans up and recreates the global collection at an authentication boundary.","duration":0.5674139999999852,"failureMessages":[],"meta":{},"tags":[]}],"startTime":1789993367021,"endTime":1789993367025.5674,"status":"passed","message":"","name":"/home/node/frontend/test/api/collections/projectsCollection.spec.ts"},{"assertionResults":[{"ancestorTitles":["InlineStatus"],"fullName":"InlineStatus renders non-error messages as polite status messages.","status":"passed","title":"renders non-error messages as polite status messages.","duration":110.78093600000011,"failureMessages":[],"meta":{},"tags":[]},{"ancestorTitles":["InlineStatus"],"fullName":"InlineStatus renders error messages as assertive alerts.","status":"passed","title":"renders error messages as assertive alerts.","duration":6.8334890000001,"failureMessages":[],"meta":{},"tags":[]}],"startTime":1789993356495,"endTime":1789993356611.8335,"status":"passed","message":"","name":"/home/node/frontend/test/components/Feedback/InlineStatus.spec.tsx"},{"assertionResults":[{"ancestorTitles":["LoadableContent"],"fullName":"LoadableContent renders the loading message first.","status":"passed","title":"renders the loading message first.","duration":135.33956999999987,"failureMessages":[],"meta":{},"tags":[]},{"ancestorTitles":["LoadableContent"],"fullName":"LoadableContent renders the error message when loading is false and error is true.","status":"passed","title":"renders the error message when loading is false and error is true.","duration":5.440447000000177,"failureMessages":[],"meta":{},"tags":[]},{"ancestorTitles":["LoadableContent"],"fullName":"LoadableContent renders the configured empty message.","status":"passed","title":"renders the configured empty message.","duration":3.986020999999937,"failureMessages":[],"meta":{},"tags":[]},{"ancestorTitles":["LoadableContent"],"fullName":"LoadableContent renders the children when loading, error, and empty are false.","status":"passed","title":"renders the children when loading, error, and empty are false.","duration":2.4983720000000176,"failureMessages":[],"meta":{},"tags":[]}],"startTime":1789993361011,"endTime":1789993361158.4983,"status":"passed","message":"","name":"/home/node/frontend/test/components/Feedback/LoadableContent.spec.tsx"},{"assertionResults":[{"ancestorTitles":["ExpandableNavigationItem","renders"],"fullName":"ExpandableNavigationItem renders the item label.","status":"passed","title":"the item label.","duration":264.78713700000003,"failureMessages":[],"meta":{},"tags":[]},{"ancestorTitles":["ExpandableNavigationItem","renders"],"fullName":"ExpandableNavigationItem renders the optional parent badge value.","status":"passed","title":"the optional parent badge value.","duration":26.107702000000018,"failureMessages":[],"meta":{},"tags":[]},{"ancestorTitles":["ExpandableNavigationItem","renders"],"fullName":"ExpandableNavigationItem renders the collapsed state as aria-expanded=false.","status":"passed","title":"the collapsed state as aria-expanded=false.","duration":28.544722000000093,"failureMessages":[],"meta":{},"tags":[]},{"ancestorTitles":["ExpandableNavigationItem","renders"],"fullName":"ExpandableNavigationItem renders the expanded state as aria-expanded=true.","status":"passed","title":"the expanded state as aria-expanded=true.","duration":30.907576999999947,"failureMessages":[],"meta":{},"tags":[]},{"ancestorTitles":["ExpandableNavigationItem","renders"],"fullName":"ExpandableNavigationItem renders expanded sub item links with their destination href values.","status":"passed","title":"expanded sub item links with their destination href values.","duration":46.03574600000002,"failureMessages":[],"meta":{},"tags":[]},{"ancestorTitles":["ExpandableNavigationItem","renders"],"fullName":"ExpandableNavigationItem renders a sub item badge value.","status":"passed","title":"a sub item badge value.","duration":26.618971999999985,"failureMessages":[],"meta":{},"tags":[]},{"ancestorTitles":["ExpandableNavigationItem","renders"],"fullName":"ExpandableNavigationItem renders no accessible sub items when the item is collapsed.","status":"passed","title":"no accessible sub items when the item is collapsed.","duration":33.7374269999998,"failureMessages":[],"meta":{},"tags":[]},{"ancestorTitles":["ExpandableNavigationItem","marks / does not mark"],"fullName":"ExpandableNavigationItem marks / does not mark an active parent item with aria-current.","status":"passed","title":"an active parent item with aria-current.","duration":13.512943000000178,"failureMessages":[],"meta":{},"tags":[]},{"ancestorTitles":["ExpandableNavigationItem","marks / does not mark"],"fullName":"ExpandableNavigationItem marks / does not mark a non-active parent item without aria-current.","status":"passed","title":"a non-active parent item without aria-current.","duration":17.002829999999904,"failureMessages":[],"meta":{},"tags":[]},{"ancestorTitles":["ExpandableNavigationItem","marks / does not mark"],"fullName":"ExpandableNavigationItem marks / does not mark the active sub item based on the current route.","status":"passed","title":"the active sub item based on the current route.","duration":39.309019000000035,"failureMessages":[],"meta":{},"tags":[]},{"ancestorTitles":["ExpandableNavigationItem","calls"],"fullName":"ExpandableNavigationItem calls onToggle when the item button is clicked.","status":"passed","title":"onToggle when the item button is clicked.","duration":53.293797999999924,"failureMessages":[],"meta":{},"tags":[]},{"ancestorTitles":["ExpandableNavigationItem","calls"],"fullName":"ExpandableNavigationItem calls onContextMenu when the item button is right-clicked.","status":"passed","title":"onContextMenu when the item button is right-clicked.","duration":37.08106100000032,"failureMessages":[],"meta":{},"tags":[]},{"ancestorTitles":["ExpandableNavigationItem","calls"],"fullName":"ExpandableNavigationItem calls onIntent when the item receives pointer or keyboard intent.","status":"passed","title":"onIntent when the item receives pointer or keyboard intent.","duration":82.75555199999962,"failureMessages":[],"meta":{},"tags":[]},{"ancestorTitles":["ExpandableNavigationItem","calls"],"fullName":"ExpandableNavigationItem calls sub item onIntent when a sub item receives pointer or keyboard intent.","status":"passed","title":"sub item onIntent when a sub item receives pointer or keyboard intent.","duration":64.238022,"failureMessages":[],"meta":{},"tags":[]},{"ancestorTitles":["ExpandableNavigationItem","calls"],"fullName":"ExpandableNavigationItem calls onSubItemClick when a sub item is clicked.","status":"passed","title":"onSubItemClick when a sub item is clicked.","duration":98.765852,"failureMessages":[],"meta":{},"tags":[]}],"startTime":1789993346140,"endTime":1789993347003.7659,"status":"passed","message":"","name":"/home/node/frontend/test/components/Navigation/ExpandableNavigationItem.spec.tsx"},{"assertionResults":[{"ancestorTitles":["AccountMenu"],"fullName":"AccountMenu does not expose workspace navigation for an Administrator.","status":"passed","title":"does not expose workspace navigation for an Administrator.","duration":431.041013,"failureMessages":[],"meta":{},"tags":[]},{"ancestorTitles":["AccountMenu"],"fullName":"AccountMenu shows the authenticated identity and logs out through the API.","status":"passed","title":"shows the authenticated identity and logs out through the API.","duration":365.36992599999985,"failureMessages":[],"meta":{},"tags":[]},{"ancestorTitles":["AccountMenu"],"fullName":"AccountMenu completes local logout even when the backend request fails.","status":"passed","title":"completes local logout even when the backend request fails.","duration":65.80198900000005,"failureMessages":[],"meta":{},"tags":[]}],"startTime":1789993345738,"endTime":1789993346599.802,"status":"passed","message":"","name":"/home/node/frontend/test/components/RootLayout/AccountMenu.spec.tsx"},{"assertionResults":[{"ancestorTitles":["LoadingOverlay","renders"],"fullName":"LoadingOverlay renders the loading message while the project data is loading.","status":"passed","title":"the loading message while the project data is loading.","duration":164.07828900000004,"failureMessages":[],"meta":{},"tags":[]},{"ancestorTitles":["LoadingOverlay","renders"],"fullName":"LoadingOverlay renders a network error message and reload button when loading fails.","status":"passed","title":"a network error message and reload button when loading fails.","duration":105.66672199999994,"failureMessages":[],"meta":{},"tags":[]},{"ancestorTitles":["LoadingOverlay","renders"],"fullName":"LoadingOverlay renders a network error message and reload button after the loading timeout.","status":"passed","title":"a network error message and reload button after the loading timeout.","duration":65.70031400000016,"failureMessages":[],"meta":{},"tags":[]},{"ancestorTitles":["LoadingOverlay","does not render"],"fullName":"LoadingOverlay does not render after the project data has been loaded.","status":"passed","title":"after the project data has been loaded.","duration":1.7488180000000284,"failureMessages":[],"meta":{},"tags":[]},{"ancestorTitles":["LoadingOverlay","does not render"],"fullName":"LoadingOverlay does not render for an Administrator without loading the project-workspace list.","status":"passed","title":"for an Administrator without loading the project-workspace list.","duration":2.9688549999998486,"failureMessages":[],"meta":{},"tags":[]},{"ancestorTitles":["LoadingOverlay","reloads"],"fullName":"LoadingOverlay reloads the project data when the reload button is clicked.","status":"passed","title":"the project data when the reload button is clicked.","duration":37.27090399999997,"failureMessages":[],"meta":{},"tags":[]},{"ancestorTitles":["LoadingOverlay","reloads"],"fullName":"LoadingOverlay reloads resets the loading timeout when the reload button is clicked.","status":"passed","title":"resets the loading timeout when the reload button is clicked.","duration":40.825665999999956,"failureMessages":[],"meta":{},"tags":[]}],"startTime":1789993354063,"endTime":1789993354481.8257,"status":"passed","message":"","name":"/home/node/frontend/test/components/RootLayout/LoadingOverlay.spec.tsx"},{"assertionResults":[{"ancestorTitles":["isSessionActive"],"fullName":"isSessionActive treats an unrevoked session inside the inactivity window as active","status":"passed","title":"treats an unrevoked session inside the inactivity window as active","duration":1.3987979999999425,"failureMessages":[],"meta":{},"tags":[]},{"ancestorTitles":["isSessionActive"],"fullName":"isSessionActive treats a revoked or timed-out session as inactive","status":"passed","title":"treats a revoked or timed-out session as inactive","duration":0.1858150000000478,"failureMessages":[],"meta":{},"tags":[]}],"startTime":1789993369001,"endTime":1789993369002.3987,"status":"passed","message":"","name":"/home/node/frontend/test/pages/Administration/sessionStatus.spec.ts"},{"assertionResults":[{"ancestorTitles":["useAdministratorProjects"],"fullName":"useAdministratorProjects returns loaded project/user data and exposes mutation functions","status":"passed","title":"returns loaded project/user data and exposes mutation functions","duration":23.588099000000057,"failureMessages":[],"meta":{},"tags":[]},{"ancestorTitles":["useAdministratorProjects"],"fullName":"useAdministratorProjects wires project creation to the API and refreshes the administrator project query","status":"passed","title":"wires project creation to the API and refreshes the administrator project query","duration":9.20701299999996,"failureMessages":[],"meta":{},"tags":[]},{"ancestorTitles":["useAdministratorProjects"],"fullName":"useAdministratorProjects aggregates loading, mutation pending, and mutation error state","status":"passed","title":"aggregates loading, mutation pending, and mutation error state","duration":5.092456000000084,"failureMessages":[],"meta":{},"tags":[]}],"startTime":1789993362204,"endTime":1789993362241.0925,"status":"passed","message":"","name":"/home/node/frontend/test/pages/Administration/useAdministratorProjects.spec.tsx"},{"assertionResults":[{"ancestorTitles":["useUserAdministration"],"fullName":"useUserAdministration returns user query state and the three administration mutation APIs","status":"passed","title":"returns user query state and the three administration mutation APIs","duration":17.363719999999944,"failureMessages":[],"meta":{},"tags":[]},{"ancestorTitles":["useUserAdministration"],"fullName":"useUserAdministration updates a role, refreshes the user query, and publishes a success toast","status":"passed","title":"updates a role, refreshes the user query, and publishes a success toast","duration":15.208116000000018,"failureMessages":[],"meta":{},"tags":[]},{"ancestorTitles":["useUserAdministration"],"fullName":"useUserAdministration reports pending state when any user mutation is pending","status":"passed","title":"reports pending state when any user mutation is pending","duration":7.6005060000001095,"failureMessages":[],"meta":{},"tags":[]}],"startTime":1789993361967,"endTime":1789993362006.6006,"status":"passed","message":"","name":"/home/node/frontend/test/pages/Administration/useUserAdministration.spec.tsx"},{"assertionResults":[{"ancestorTitles":["useUserPresence"],"fullName":"useUserPresence maps per-user session query state to presence information","status":"passed","title":"maps per-user session query state to presence information","duration":16.287946000000147,"failureMessages":[],"meta":{},"tags":[]}],"startTime":1789993364408,"endTime":1789993364424.2878,"status":"passed","message":"","name":"/home/node/frontend/test/pages/Administration/useUserPresence.spec.tsx"},{"assertionResults":[{"ancestorTitles":["CategoryDetailsPanel"],"fullName":"CategoryDetailsPanel renders the empty message when no category is selected.","status":"passed","title":"renders the empty message when no category is selected.","duration":176.62840800000004,"failureMessages":[],"meta":{},"tags":[]},{"ancestorTitles":["CategoryDetailsPanel"],"fullName":"CategoryDetailsPanel renders the category fields.","status":"passed","title":"renders the category fields.","duration":31.37259999999992,"failureMessages":[],"meta":{},"tags":[]}],"startTime":1789993358499,"endTime":1789993358707.3726,"status":"passed","message":"","name":"/home/node/frontend/test/pages/ProjectCategories/CategoryDetailsPanel.spec.tsx"},{"assertionResults":[{"ancestorTitles":["ProjectCategories DetailsPage"],"fullName":"ProjectCategories DetailsPage keeps route actions out of the category detail panel.","status":"passed","title":"keeps route actions out of the category detail panel.","duration":188.39046499999995,"failureMessages":[],"meta":{},"tags":[]}],"startTime":1789993360762,"endTime":1789993360950.3904,"status":"passed","message":"","name":"/home/node/frontend/test/pages/ProjectCategories/DetailsPage.spec.tsx"},{"assertionResults":[{"ancestorTitles":["ProjectCategories FormPage"],"fullName":"ProjectCategories FormPage renders the create form with editable category fields.","status":"passed","title":"renders the create form with editable category fields.","duration":420.13568799999985,"failureMessages":[],"meta":{},"tags":[]},{"ancestorTitles":["ProjectCategories FormPage"],"fullName":"ProjectCategories FormPage creates a category, opens a details tab, navigates to details, and shows a Toast message.","status":"passed","title":"creates a category, opens a details tab, navigates to details, and shows a Toast message.","duration":341.44633999999996,"failureMessages":[],"meta":{},"tags":[]},{"ancestorTitles":["ProjectCategories FormPage"],"fullName":"ProjectCategories FormPage validates required and unique create fields.","status":"passed","title":"validates required and unique create fields.","duration":473.67188099999976,"failureMessages":[],"meta":{},"tags":[]},{"ancestorTitles":["ProjectCategories FormPage"],"fullName":"ProjectCategories FormPage renders the update form with read-only key and locked type.","status":"passed","title":"renders the update form with read-only key and locked type.","duration":60.69237599999997,"failureMessages":[],"meta":{},"tags":[]},{"ancestorTitles":["ProjectCategories FormPage"],"fullName":"ProjectCategories FormPage uses the category details tab while editing a category.","status":"passed","title":"uses the category details tab while editing a category.","duration":22.75445200000013,"failureMessages":[],"meta":{},"tags":[]},{"ancestorTitles":["ProjectCategories FormPage"],"fullName":"ProjectCategories FormPage updates only the category name.","status":"passed","title":"updates only the category name.","duration":127.88317700000061,"failureMessages":[],"meta":{},"tags":[]},{"ancestorTitles":["ProjectCategories FormPage"],"fullName":"ProjectCategories FormPage asks for confirmation before aborting a dirty form.","status":"passed","title":"asks for confirmation before aborting a dirty form.","duration":302.99923599999966,"failureMessages":[],"meta":{},"tags":[]},{"ancestorTitles":["ProjectCategories FormPage"],"fullName":"ProjectCategories FormPage blocks route changes from a dirty form until the user confirms.","status":"passed","title":"blocks route changes from a dirty form until the user confirms.","duration":328.3975650000002,"failureMessages":[],"meta":{},"tags":[]}],"startTime":1789993332127,"endTime":1789993334205.3975,"status":"passed","message":"","name":"/home/node/frontend/test/pages/ProjectCategories/FormPage.spec.tsx"},{"assertionResults":[{"ancestorTitles":["ProjectCategories ListPage"],"fullName":"ProjectCategories ListPage renders category keys as copy links.","status":"passed","title":"renders category keys as copy links.","duration":368.2326159999998,"failureMessages":[],"meta":{},"tags":[]},{"ancestorTitles":["ProjectCategories ListPage"],"fullName":"ProjectCategories ListPage renders requirement counts from the category summaries.","status":"passed","title":"renders requirement counts from the category summaries.","duration":165.84359500000028,"failureMessages":[],"meta":{},"tags":[]},{"ancestorTitles":["ProjectCategories ListPage"],"fullName":"ProjectCategories ListPage copies the category key when the key cell is clicked.","status":"passed","title":"copies the category key when the key cell is clicked.","duration":94.21514500000012,"failureMessages":[],"meta":{},"tags":[]},{"ancestorTitles":["ProjectCategories ListPage"],"fullName":"ProjectCategories ListPage shows the category context menu actions on right click.","status":"passed","title":"shows the category context menu actions on right click.","duration":169.9295119999997,"failureMessages":[],"meta":{},"tags":[]},{"ancestorTitles":["ProjectCategories ListPage"],"fullName":"ProjectCategories ListPage deletes the selected category from the context menu when it has no requirements.","status":"passed","title":"deletes the selected category from the context menu when it has no requirements.","duration":382.77730100000053,"failureMessages":[],"meta":{},"tags":[]},{"ancestorTitles":["ProjectCategories ListPage"],"fullName":"ProjectCategories ListPage does not delete a category with requirements from the context menu.","status":"passed","title":"does not delete a category with requirements from the context menu.","duration":107.29440400000021,"failureMessages":[],"meta":{},"tags":[]},{"ancestorTitles":["ProjectCategories ListPage"],"fullName":"ProjectCategories ListPage navigates to the requirement creation placeholder from the context menu.","status":"passed","title":"navigates to the requirement creation placeholder from the context menu.","duration":156.65440499999931,"failureMessages":[],"meta":{},"tags":[]}],"startTime":1789993332108,"endTime":1789993333554.6543,"status":"passed","message":"","name":"/home/node/frontend/test/pages/ProjectCategories/ListPage.spec.tsx"},{"assertionResults":[{"ancestorTitles":["useProjectDetails"],"fullName":"useProjectDetails derives counts, status statistics, loading, and error state from collection queries","status":"passed","title":"derives counts, status statistics, loading, and error state from collection queries","duration":19.092038000000002,"failureMessages":[],"meta":{},"tags":[]}],"startTime":1789993365436,"endTime":1789993365455.092,"status":"passed","message":"","name":"/home/node/frontend/test/pages/ProjectDetails/useProjectDetails.spec.tsx"},{"assertionResults":[{"ancestorTitles":["Requirement DetailsPage"],"fullName":"Requirement DetailsPage publishes requirement context and opens a details tab","status":"passed","title":"publishes requirement context and opens a details tab","duration":163.91147100000012,"failureMessages":[],"meta":{},"tags":[]},{"ancestorTitles":["Requirement DetailsPage"],"fullName":"Requirement DetailsPage redirects a draft requirement to review when review activity has started","status":"passed","title":"redirects a draft requirement to review when review activity has started","duration":14.576483999999937,"failureMessages":[],"meta":{},"tags":[]},{"ancestorTitles":["Requirement DetailsPage"],"fullName":"Requirement DetailsPage shows an error when route identifiers are incomplete","status":"passed","title":"shows an error when route identifiers are incomplete","duration":6.532327000000123,"failureMessages":[],"meta":{},"tags":[]}],"startTime":1789993360541,"endTime":1789993360725.5322,"status":"passed","message":"","name":"/home/node/frontend/test/pages/ProjectRequirements/DetailsPage.spec.tsx"},{"assertionResults":[{"ancestorTitles":["ProjectRequirements FormPage"],"fullName":"ProjectRequirements FormPage renders the create requirement form with the selected category preselected.","status":"passed","title":"renders the create requirement form with the selected category preselected.","duration":398.5978839999998,"failureMessages":[],"meta":{},"tags":[]},{"ancestorTitles":["ProjectRequirements FormPage"],"fullName":"ProjectRequirements FormPage creates a requirement and navigates to the details route.","status":"passed","title":"creates a requirement and navigates to the details route.","duration":294.63619900000003,"failureMessages":[],"meta":{},"tags":[]},{"ancestorTitles":["ProjectRequirements FormPage"],"fullName":"ProjectRequirements FormPage renders the update requirement form with the current values.","status":"passed","title":"renders the update requirement form with the current values.","duration":83.24798800000008,"failureMessages":[],"meta":{},"tags":[]},{"ancestorTitles":["ProjectRequirements FormPage"],"fullName":"ProjectRequirements FormPage requires and submits a change reason when updating a requirement.","status":"passed","title":"requires and submits a change reason when updating a requirement.","duration":846.5054909999999,"failureMessages":[],"meta":{},"tags":[]}],"startTime":1789993338473,"endTime":1789993340096.5054,"status":"passed","message":"","name":"/home/node/frontend/test/pages/ProjectRequirements/FormPage.spec.tsx"},{"assertionResults":[{"ancestorTitles":["useImplementationTicketEditor"],"fullName":"useImplementationTicketEditor creates a valid ticket, refreshes requirements, and resets the form","status":"passed","title":"creates a valid ticket, refreshes requirements, and resets the form","duration":23.40219400000001,"failureMessages":[],"meta":{},"tags":[]},{"ancestorTitles":["useImplementationTicketEditor"],"fullName":"useImplementationTicketEditor edits and deletes an existing ticket when editable","status":"passed","title":"edits and deletes an existing ticket when editable","duration":4.501345999999785,"failureMessages":[],"meta":{},"tags":[]},{"ancestorTitles":["useImplementationTicketEditor"],"fullName":"useImplementationTicketEditor ignores submit and delete operations in read-only mode","status":"passed","title":"ignores submit and delete operations in read-only mode","duration":1.3280700000000252,"failureMessages":[],"meta":{},"tags":[]}],"startTime":1789993363204,"endTime":1789993363233.3281,"status":"passed","message":"","name":"/home/node/frontend/test/pages/ProjectRequirements/ImplementationTicketEditor.spec.tsx"},{"assertionResults":[{"ancestorTitles":["ImplementationTicketsPanel permissions"],"fullName":"ImplementationTicketsPanel permissions lets a Developer manage tickets on an approved requirement.","status":"passed","title":"lets a Developer manage tickets on an approved requirement.","duration":418.811093,"failureMessages":[],"meta":{},"tags":[]},{"ancestorTitles":["ImplementationTicketsPanel permissions"],"fullName":"ImplementationTicketsPanel permissions keeps tickets visible but read-only for a Viewer.","status":"passed","title":"keeps tickets visible but read-only for a Viewer.","duration":57.38602300000002,"failureMessages":[],"meta":{},"tags":[]},{"ancestorTitles":["ImplementationTicketsPanel permissions"],"fullName":"ImplementationTicketsPanel permissions keeps implemented requirement tickets read-only even for a Developer.","status":"passed","title":"keeps implemented requirement tickets read-only even for a Developer.","duration":38.785245999999916,"failureMessages":[],"meta":{},"tags":[]}],"startTime":1789993347241,"endTime":1789993347756.7852,"status":"passed","message":"","name":"/home/node/frontend/test/pages/ProjectRequirements/ImplementationTicketsPanel.spec.tsx"},{"assertionResults":[{"ancestorTitles":["ProjectRequirements ListPage"],"fullName":"ProjectRequirements ListPage loads the requirements collection for the route project.","status":"passed","title":"loads the requirements collection for the route project.","duration":148.89528900000028,"failureMessages":[],"meta":{},"tags":[]},{"ancestorTitles":["ProjectRequirements ListPage"],"fullName":"ProjectRequirements ListPage renders the current requirements table and details panel.","status":"passed","title":"renders the current requirements table and details panel.","duration":359.2209590000002,"failureMessages":[],"meta":{},"tags":[]},{"ancestorTitles":["ProjectRequirements ListPage"],"fullName":"ProjectRequirements ListPage shows the selected requirement in the details panel when a row is clicked.","status":"passed","title":"shows the selected requirement in the details panel when a row is clicked.","duration":153.01734799999986,"failureMessages":[],"meta":{},"tags":[]},{"ancestorTitles":["ProjectRequirements ListPage"],"fullName":"ProjectRequirements ListPage keeps the selected requirement visible when the selected row is clicked again.","status":"passed","title":"keeps the selected requirement visible when the selected row is clicked again.","duration":200.990855,"failureMessages":[],"meta":{},"tags":[]},{"ancestorTitles":["ProjectRequirements ListPage"],"fullName":"ProjectRequirements ListPage opens a requirement details tab and navigates when a row is double clicked.","status":"passed","title":"opens a requirement details tab and navigates when a row is double clicked.","duration":86.02273700000023,"failureMessages":[],"meta":{},"tags":[]},{"ancestorTitles":["ProjectRequirements ListPage"],"fullName":"ProjectRequirements ListPage copies the requirement key when the key cell is clicked.","status":"passed","title":"copies the requirement key when the key cell is clicked.","duration":88.50284099999999,"failureMessages":[],"meta":{},"tags":[]},{"ancestorTitles":["ProjectRequirements ListPage"],"fullName":"ProjectRequirements ListPage renders the loading state.","status":"passed","title":"renders the loading state.","duration":6.31469799999968,"failureMessages":[],"meta":{},"tags":[]},{"ancestorTitles":["ProjectRequirements ListPage"],"fullName":"ProjectRequirements ListPage renders the error state.","status":"passed","title":"renders the error state.","duration":13.857546999999613,"failureMessages":[],"meta":{},"tags":[]},{"ancestorTitles":["ProjectRequirements ListPage"],"fullName":"ProjectRequirements ListPage renders the empty state.","status":"passed","title":"renders the empty state.","duration":8.151616999999987,"failureMessages":[],"meta":{},"tags":[]}],"startTime":1789993340912,"endTime":1789993341977.1516,"status":"passed","message":"","name":"/home/node/frontend/test/pages/ProjectRequirements/ListPage.spec.tsx"},{"assertionResults":[{"ancestorTitles":["RequirementDetailsPanel"],"fullName":"RequirementDetailsPanel shows reviewer, rejection reason, and rejection date for rejected requirements.","status":"passed","title":"shows reviewer, rejection reason, and rejection date for rejected requirements.","duration":131.94791400000008,"failureMessages":[],"meta":{},"tags":[]},{"ancestorTitles":["RequirementDetailsPanel"],"fullName":"RequirementDetailsPanel shows the actor, reason, and timestamp for obsolete requirements while retaining the reviewer.","status":"passed","title":"shows the actor, reason, and timestamp for obsolete requirements while retaining the reviewer.","duration":17.68713300000013,"failureMessages":[],"meta":{},"tags":[]},{"ancestorTitles":["RequirementDetailsPanel"],"fullName":"RequirementDetailsPanel renders implementation tickets as a table for approved requirements.","status":"passed","title":"renders implementation tickets as a table for approved requirements.","duration":75.10489299999995,"failureMessages":[],"meta":{},"tags":[]}],"startTime":1789993354991,"endTime":1789993355216.105,"status":"passed","message":"","name":"/home/node/frontend/test/pages/ProjectRequirements/RequirementDetailsPanel.spec.tsx"},{"assertionResults":[{"ancestorTitles":["RequirementLifecycleDialog"],"fullName":"RequirementLifecycleDialog requires a reason when configured for rejection or obsolescence.","status":"passed","title":"requires a reason when configured for rejection or obsolescence.","duration":449.0424599999999,"failureMessages":[],"meta":{},"tags":[]},{"ancestorTitles":["RequirementLifecycleDialog"],"fullName":"RequirementLifecycleDialog supports approval without collecting a reviewer name.","status":"passed","title":"supports approval without collecting a reviewer name.","duration":72.17558299999996,"failureMessages":[],"meta":{},"tags":[]}],"startTime":1789993350693,"endTime":1789993351213.1755,"status":"passed","message":"","name":"/home/node/frontend/test/pages/ProjectRequirements/RequirementLifecycleDialog.spec.tsx"},{"assertionResults":[{"ancestorTitles":["ReviewCommentsPanel"],"fullName":"ReviewCommentsPanel expands comments longer than 200 characters and exposes review actions for open comments.","status":"passed","title":"expands comments longer than 200 characters and exposes review actions for open comments.","duration":378.1643650000001,"failureMessages":[],"meta":{},"tags":[]},{"ancestorTitles":["ReviewCommentsPanel"],"fullName":"ReviewCommentsPanel renders existing comments without mutation controls in read-only mode.","status":"passed","title":"renders existing comments without mutation controls in read-only mode.","duration":7.562706999999818,"failureMessages":[],"meta":{},"tags":[]}],"startTime":1789993350677,"endTime":1789993351062.5627,"status":"passed","message":"","name":"/home/node/frontend/test/pages/ProjectRequirements/ReviewCommentsPanel.spec.tsx"},{"assertionResults":[{"ancestorTitles":["AdministratorSidebar"],"fullName":"AdministratorSidebar expands Users & Sessions and renders all users as navigation children","status":"passed","title":"expands Users & Sessions and renders all users as navigation children","duration":383.10179500000004,"failureMessages":[],"meta":{},"tags":[]},{"ancestorTitles":["AdministratorSidebar"],"fullName":"AdministratorSidebar expands Projects and renders all projects as navigation children","status":"passed","title":"expands Projects and renders all projects as navigation children","duration":118.40557100000001,"failureMessages":[],"meta":{},"tags":[]},{"ancestorTitles":["AdministratorSidebar"],"fullName":"AdministratorSidebar navigates to the section overview when a section is toggled","status":"passed","title":"navigates to the section overview when a section is toggled","duration":102.95671599999991,"failureMessages":[],"meta":{},"tags":[]}],"startTime":1789993348944,"endTime":1789993349547.9568,"status":"passed","message":"","name":"/home/node/frontend/test/components/RootLayout/AdministratorSidebar/AdministratorSidebar.spec.tsx"},{"assertionResults":[{"ancestorTitles":["ActionButton"],"fullName":"ActionButton renders the synchronize action.","status":"passed","title":"renders the synchronize action.","duration":143.15767799999992,"failureMessages":[],"meta":{},"tags":[]},{"ancestorTitles":["ActionButton"],"fullName":"ActionButton disables synchronization when requested.","status":"passed","title":"disables synchronization when requested.","duration":18.06923800000004,"failureMessages":[],"meta":{},"tags":[]},{"ancestorTitles":["ActionButton"],"fullName":"ActionButton calls onSynchronize when the synchronize button is clicked.","status":"passed","title":"calls onSynchronize when the synchronize button is clicked.","duration":37.29286699999989,"failureMessages":[],"meta":{},"tags":[]},{"ancestorTitles":["ActionButton"],"fullName":"ActionButton can be clicked without a callback.","status":"passed","title":"can be clicked without a callback.","duration":54.784132,"failureMessages":[],"meta":{},"tags":[]}],"startTime":1789993355243,"endTime":1789993355495.7842,"status":"passed","message":"","name":"/home/node/frontend/test/components/RootLayout/Sidebar/ActionButton.spec.tsx"},{"assertionResults":[{"ancestorTitles":["ProjectDialog"],"fullName":"ProjectDialog does not render dialog content when visible is false.","status":"passed","title":"does not render dialog content when visible is false.","duration":82.11192099999994,"failureMessages":[],"meta":{},"tags":[]},{"ancestorTitles":["ProjectDialog"],"fullName":"ProjectDialog renders the Create project heading in create mode.","status":"passed","title":"renders the Create project heading in create mode.","duration":152.541784,"failureMessages":[],"meta":{},"tags":[]},{"ancestorTitles":["ProjectDialog"],"fullName":"ProjectDialog renders the Rename project heading in rename mode.","status":"passed","title":"renders the Rename project heading in rename mode.","duration":59.028998999999885,"failureMessages":[],"meta":{},"tags":[]},{"ancestorTitles":["ProjectDialog"],"fullName":"ProjectDialog starts with an empty input in create mode.","status":"passed","title":"starts with an empty input in create mode.","duration":78.11739500000022,"failureMessages":[],"meta":{},"tags":[]},{"ancestorTitles":["ProjectDialog"],"fullName":"ProjectDialog uses initialName as input value.","status":"passed","title":"uses initialName as input value.","duration":84.79020100000002,"failureMessages":[],"meta":{},"tags":[]},{"ancestorTitles":["ProjectDialog"],"fullName":"ProjectDialog shows a validation error when submitting an empty project name.","status":"passed","title":"shows a validation error when submitting an empty project name.","duration":104.67420799999991,"failureMessages":[],"meta":{},"tags":[]},{"ancestorTitles":["ProjectDialog"],"fullName":"ProjectDialog shows a validation error when submitting a whitespace-only project name.","status":"passed","title":"shows a validation error when submitting a whitespace-only project name.","duration":104.51835400000004,"failureMessages":[],"meta":{},"tags":[]},{"ancestorTitles":["ProjectDialog"],"fullName":"ProjectDialog calls onSubmit with the trimmed project name.","status":"passed","title":"calls onSubmit with the trimmed project name.","duration":146.88892800000008,"failureMessages":[],"meta":{},"tags":[]},{"ancestorTitles":["ProjectDialog"],"fullName":"ProjectDialog calls onCancel when Cancel is clicked.","status":"passed","title":"calls onCancel when Cancel is clicked.","duration":53.66925400000014,"failureMessages":[],"meta":{},"tags":[]},{"ancestorTitles":["ProjectDialog"],"fullName":"ProjectDialog disables the buttons and shows Creating while pending in create mode.","status":"passed","title":"disables the buttons and shows Creating while pending in create mode.","duration":33.432532000000265,"failureMessages":[],"meta":{},"tags":[]},{"ancestorTitles":["ProjectDialog"],"fullName":"ProjectDialog disables the buttons and shows Renaming while pending in rename mode.","status":"passed","title":"disables the buttons and shows Renaming while pending in rename mode.","duration":34.48525500000005,"failureMessages":[],"meta":{},"tags":[]},{"ancestorTitles":["ProjectDialog"],"fullName":"ProjectDialog does not call onCancel while pending.","status":"passed","title":"does not
[...]
":65,"column":null}}},"fnMap":{"0":{"name":"createEmptyRequirementStatusStatistics","decl":{"start":{"line":12,"column":9},"end":{"line":12,"column":79}},"loc":{"start":{"line":12,"column":79},"end":{"line":14,"column":null}}},"1":{"name":"useProjectDetails","decl":{"start":{"line":16,"column":16},"end":{"line":16,"column":34}},"loc":{"start":{"line":16,"column":65},"end":{"line":66,"column":null}}},"2":{"name":"(anonymous_2)","decl":{"start":{"line":18,"column":8},"end":{"line":18,"column":9}},"loc":{"start":{"line":19,"column":12},"end":{"line":23,"column":null}}},"3":{"name":"(anonymous_3)","decl":{"start":{"line":22,"column":27},"end":{"line":22,"column":28}},"loc":{"start":{"line":22,"column":45},"end":{"line":22,"column":71}}},"4":{"name":"(anonymous_4)","decl":{"start":{"line":28,"column":8},"end":{"line":28,"column":15}},"loc":{"start":{"line":28,"column":15},"end":{"line":28,"column":null}}},"5":{"name":"(anonymous_5)","decl":{"start":{"line":32,"column":8},"end":{"line":32,"column":15}},"loc":{"start":{"line":32,"column":15},"end":{"line":32,"column":null}}},"6":{"name":"(anonymous_6)","decl":{"start":{"line":36,"column":8},"end":{"line":36,"column":9}},"loc":{"start":{"line":36,"column":20},"end":{"line":36,"column":null}}},"7":{"name":"(anonymous_7)","decl":{"start":{"line":40,"column":8},"end":{"line":40,"column":9}},"loc":{"start":{"line":41,"column":12},"end":{"line":41,"column":null}}},"8":{"name":"(anonymous_8)","decl":{"start":{"line":47,"column":8},"end":{"line":47,"column":null}},"loc":{"start":{"line":48,"column":12},"end":{"line":54,"column":null}}},"9":{"name":"(anonymous_9)","decl":{"start":{"line":49,"column":16},"end":{"line":49,"column":17}},"loc":{"start":{"line":49,"column":46},"end":{"line":52,"column":null}}}},"branchMap":{"0":{"loc":{"start":{"line":19,"column":12},"end":{"line":23,"column":null}},"type":"cond-expr","locations":[{"start":{"line":19,"column":38},"end":{"line":19,"column":null}},{"start":{"line":20,"column":16},"end":{"line":23,"column":null}}]},"1":{"loc":{"start":{"line":28,"column":15},"end":{"line":28,"column":null}},"type":"cond-expr","locations":[{"start":{"line":28,"column":41},"end":{"line":28,"column":53}},{"start":{"line":28,"column":53},"end":{"line":28,"column":null}}]},"2":{"loc":{"start":{"line":32,"column":15},"end":{"line":32,"column":null}},"type":"cond-expr","locations":[{"start":{"line":32,"column":41},"end":{"line":32,"column":53}},{"start":{"line":32,"column":53},"end":{"line":32,"column":null}}]},"3":{"loc":{"start":{"line":36,"column":20},"end":{"line":36,"column":null}},"type":"cond-expr","locations":[{"start":{"line":36,"column":57},"end":{"line":36,"column":69}},{"start":{"line":36,"column":69},"end":{"line":36,"column":null}}]},"4":{"loc":{"start":{"line":41,"column":12},"end":{"line":41,"column":null}},"type":"cond-expr","locations":[{"start":{"line":41,"column":51},"end":{"line":41,"column":63}},{"start":{"line":41,"column":63},"end":{"line":41,"column":null}}]},"5":{"loc":{"start":{"line":44,"column":23},"end":{"line":44,"column":null}},"type":"binary-expr","locations":[{"start":{"line":44,"column":23},"end":{"line":44,"column":47}},{"start":{"line":44,"column":47},"end":{"line":44,"column":null}}]},"6":{"loc":{"start":{"line":45,"column":25},"end":{"line":45,"column":null}},"type":"binary-expr","locations":[{"start":{"line":45,"column":25},"end":{"line":45,"column":51}},{"start":{"line":45,"column":51},"end":{"line":45,"column":null}}]},"7":{"loc":{"start":{"line":63,"column":17},"end":{"line":63,"column":null}},"type":"binary-expr","locations":[{"start":{"line":63,"column":17},"end":{"line":63,"column":43}},{"start":{"line":63,"column":43},"end":{"line":63,"column":72}},{"start":{"line":63,"column":72},"end":{"line":63,"column":null}}]},"8":{"loc":{"start":{"line":64,"column":15},"end":{"line":64,"column":null}},"type":"binary-expr","locations":[{"start":{"line":64,"column":15},"end":{"line":64,"column":39}},{"start":{"line":64,"column":39},"end":{"line":64,"column":66}},{"start":{"line":64,"column":66},"end":{"line":64,"column":null}}]}},"s":{"0":1,"1":1,"2":1,"3":0,"4":0,"5":1,"6":1,"7":1,"8":1,"9":1,"10":0,"11":1,"12":0,"13":1,"14":1,"15":1,"16":1,"17":4,"18":1},"f":{"0":1,"1":1,"2":0,"3":0,"4":1,"5":1,"6":0,"7":0,"8":1,"9":4},"b":{"0":[0,0],"1":[0,1],"2":[0,1],"3":[0,0],"4":[0,0],"5":[1,0],"6":[1,0],"7":[1,1,1],"8":[1,1,0]}},"/home/node/frontend/src/pages/Administration/sessionStatus.ts":{"path":"/home/node/frontend/src/pages/Administration/sessionStatus.ts","statementMap":{"0":{"start":{"line":3,"column":30},"end":{"line":3,"column":null}},"1":{"start":{"line":11,"column":4},"end":{"line":11,"column":null}}},"fnMap":{"0":{"name":"isSessionActive","decl":{"start":{"line":10,"column":16},"end":{"line":10,"column":32}},"loc":{"start":{"line":10,"column":85},"end":{"line":12,"column":null}}}},"branchMap":{"0":{"loc":{"start":{"line":10,"column":58},"end":{"line":10,"column":85}},"type":"default-arg","locations":[{"start":{"line":10,"column":64},"end":{"line":10,"column":85}}]},"1":{"loc":{"start":{"line":11,"column":11},"end":{"line":11,"column":null}},"type":"binary-expr","locations":[{"start":{"line":11,"column":11},"end":{"line":11,"column":41}},{"start":{"line":11,"column":41},"end":{"line":11,"column":null}}]}},"s":{"0":1,"1":3},"f":{"0":3},"b":{"0":[0],"1":[3,2]}},"/home/node/frontend/src/App.tsx":{"path":"/home/node/frontend/src/App.tsx","statementMap":{"0":{"start":{"line":6,"column":4},"end":{"line":6,"column":null}}},"fnMap":{"0":{"name":"App","decl":{"start":{"line":5,"column":9},"end":{"line":5,"column":15}},"loc":{"start":{"line":5,"column":15},"end":{"line":7,"column":null}}}},"branchMap":{},"s":{"0":0},"f":{"0":0},"b":{}},"/home/node/frontend/src/api/adminProjectsApi.ts":{"path":"/home/node/frontend/src/api/adminProjectsApi.ts","statementMap":{"0":{"start":{"line":11,"column":26},"end":{"line":11,"column":null}},"1":{"start":{"line":13,"column":52},"end":{"line":18,"column":null}},"2":{"start":{"line":20,"column":49},"end":{"line":33,"column":null}},"3":{"start":{"line":32,"column":30},"end":{"line":32,"column":43}},"4":{"start":{"line":35,"column":44},"end":{"line":35,"column":null}},"5":{"start":{"line":56,"column":4},"end":{"line":56,"column":null}},"6":{"start":{"line":61,"column":21},"end":{"line":61,"column":null}},"7":{"start":{"line":63,"column":4},"end":{"line":63,"column":null}},"8":{"start":{"line":67,"column":21},"end":{"line":67,"column":null}},"9":{"start":{"line":69,"column":4},"end":{"line":69,"column":null}},"10":{"start":{"line":78,"column":28},"end":{"line":78,"column":null}},"11":{"start":{"line":79,"column":21},"end":{"line":79,"column":null}},"12":{"start":{"line":81,"column":4},"end":{"line":81,"column":null}},"13":{"start":{"line":85,"column":4},"end":{"line":85,"column":null}}},"fnMap":{"0":{"name":"(anonymous_0)","decl":{"start":{"line":32,"column":19},"end":{"line":32,"column":20}},"loc":{"start":{"line":32,"column":30},"end":{"line":32,"column":43}}},"1":{"name":"parseProject","decl":{"start":{"line":55,"column":9},"end":{"line":55,"column":22}},"loc":{"start":{"line":55,"column":66},"end":{"line":57,"column":null}}},"2":{"name":"listAdministratorProjects","decl":{"start":{"line":60,"column":22},"end":{"line":60,"column":90}},"loc":{"start":{"line":60,"column":90},"end":{"line":64,"column":null}}},"3":{"name":"createAdministratorProject","decl":{"start":{"line":66,"column":22},"end":{"line":66,"column":49}},"loc":{"start":{"line":66,"column":101},"end":{"line":70,"column":null}}},"4":{"name":"updateAdministratorProject","decl":{"start":{"line":72,"column":22},"end":{"line":72,"column":null}},"loc":{"start":{"line":75,"column":40},"end":{"line":82,"column":null}}},"5":{"name":"deleteAdministratorProject","decl":{"start":{"line":84,"column":22},"end":{"line":84,"column":49}},"loc":{"start":{"line":84,"column":83},"end":{"line":86,"column":null}}}},"branchMap":{"0":{"loc":{"start":{"line":32,"column":30},"end":{"line":32,"column":43}},"type":"binary-expr","locations":[{"start":{"line":32,"column":30},"end":{"line":32,"column":39}},{"start":{"line":32,"column":39},"end":{"line":32,"column":43}}]}},"s":{"0":0,"1":0,"2":0,"3":0,"4":0,"5":0,"6":0,"7":0,"8":0,"9":0,"10":0,"11":0,"12":0,"13":0},"f":{"0":0,"1":0,"2":0,"3":0,"4":0,"5":0},"b":{"0":[0,0]}},"/home/node/frontend/src/router/index.tsx":{"path":"/home/node/frontend/src/router/index.tsx","statementMap":{"0":{"start":{"line":39,"column":4},"end":{"line":39,"column":null}},"1":{"start":{"line":42,"column":37},"end":{"line":164,"column":null}},"2":{"start":{"line":166,"column":22},"end":{"line":166,"column":null}}},"fnMap":{"0":{"name":"routeHandle","decl":{"start":{"line":38,"column":9},"end":{"line":38,"column":21}},"loc":{"start":{"line":38,"column":59},"end":{"line":40,"column":null}}}},"branchMap":{},"s":{"0":0,"1":0,"2":0},"f":{"0":0},"b":{}},"/home/node/frontend/src/components/Feedback/AppToast/AppToast.tsx":{"path":"/home/node/frontend/src/components/Feedback/AppToast/AppToast.tsx","statementMap":{"0":{"start":{"line":7,"column":21},"end":{"line":7,"column":null}},"1":{"start":{"line":9,"column":4},"end":{"line":15,"column":null}},"2":{"start":{"line":11,"column":12},"end":{"line":13,"column":null}},"3":{"start":{"line":12,"column":16},"end":{"line":12,"column":null}},"4":{"start":{"line":17,"column":4},"end":{"line":21,"column":null}}},"fnMap":{"0":{"name":"AppToast","decl":{"start":{"line":6,"column":16},"end":{"line":6,"column":27}},"loc":{"start":{"line":6,"column":27},"end":{"line":23,"column":null}}},"1":{"name":"(anonymous_1)","decl":{"start":{"line":10,"column":8},"end":{"line":10,"column":null}},"loc":{"start":{"line":11,"column":12},"end":{"line":13,"column":null}}},"2":{"name":"(anonymous_2)","decl":{"start":{"line":11,"column":37},"end":{"line":11,"column":38}},"loc":{"start":{"line":11,"column":50},"end":{"line":13,"column":13}}}},"branchMap":{},"s":{"0":0,"1":0,"2":0,"3":0,"4":0},"f":{"0":0,"1":0,"2":0},"b":{}},"/home/node/frontend/src/pages/ProjectDetails/ProjectStatistics.tsx":{"path":"/home/node/frontend/src/pages/ProjectDetails/ProjectStatistics.tsx","statementMap":{"0":{"start":{"line":12,"column":4},"end":{"line":51,"column":null}},"1":{"start":{"line":39,"column":20},"end":{"line":48,"column":null}}},"fnMap":{"0":{"name":"ProjectStatistics","decl":{"start":{"line":11,"column":16},"end":{"line":11,"column":34}},"loc":{"start":{"line":11,"column":116},"end":{"line":53,"column":null}}},"1":{"name":"(anonymous_1)","decl":{"start":{"line":38,"column":41},"end":{"line":38,"column":42}},"loc":{"start":{"line":39,"column":20},"end":{"line":48,"column":null}}}},"branchMap":{},"s":{"0":0,"1":0},"f":{"0":0,"1":0},"b":{}},"/home/node/frontend/src/pages/ProjectRequirements/Review/ReviewDialogs.tsx":{"path":"/home/node/frontend/src/pages/ProjectRequirements/Review/ReviewDialogs.tsx","statementMap":{"0":{"start":{"line":23,"column":4},"end":{"line":23,"column":null}},"1":{"start":{"line":27,"column":4},"end":{"line":27,"column":null}},"2":{"start":{"line":31,"column":4},"end":{"line":31,"column":null}},"3":{"start":{"line":38,"column":4},"end":{"line":38,"column":null}},"4":{"start":{"line":38,"column":32},"end":{"line":38,"column":null}},"5":{"start":{"line":40,"column":4},"end":{"line":42,"column":null}},"6":{"start":{"line":41,"column":8},"end":{"line":41,"column":null}},"7":{"start":{"line":44,"column":4},"end":{"line":46,"column":null}},"8":{"start":{"line":45,"column":8},"end":{"line":45,"column":null}},"9":{"start":{"line":48,"column":4},"end":{"line":48,"column":null}},"10":{"start":{"line":64,"column":29},"end":{"line":64,"column":null}},"11":{"start":{"line":66,"column":4},"end":{"line":96,"column":null}}},"fnMap":{"0":{"name":"getComposerDialogKey","decl":{"start":{"line":22,"column":9},"end":{"line":22,"column":30}},"loc":{"start":{"line":22,"column":76},"end":{"line":24,"column":null}}},"1":{"name":"getComposerDialogTitle","decl":{"start":{"line":26,"column":9},"end":{"line":26,"column":32}},"loc":{"start":{"line":26,"column":78},"end":{"line":28,"column":null}}},"2":{"name":"getComposerDialogTextLabel","decl":{"start":{"line":30,"column":9},"end":{"line":30,"column":36}},"loc":{"start":{"line":30,"column":82},"end":{"line":32,"column":null}}},"3":{"name":"getReviewDecisionWarning","decl":{"start":{"line":34,"column":9},"end":{"line":34,"column":null}},"loc":{"start":{"line":37,"column":22},"end":{"line":49,"column":null}}},"4":{"name":"ReviewDialogs","decl":{"start":{"line":51,"column":16},"end":{"line":51,"column":30}},"loc":{"start":{"line":63,"column":23},"end":{"line":98,"column":null}}}},"branchMap":{"0":{"loc":{"start":{"line":23,"column":11},"end":{"line":23,"column":null}},"type":"cond-expr","locations":[{"start":{"line":23,"column":40},"end":{"line":23,"column":63}},{"start":{"line":23,"column":63},"end":{"line":23,"column":null}}]},"1":{"loc":{"start":{"line":23,"column":63},"end":{"line":23,"column":null}},"type":"binary-expr","locations":[{"start":{"line":23,"column":63},"end":{"line":23,"column":81}},{"start":{"line":23,"column":81},"end":{"line":23,"column":null}}]},"2":{"loc":{"start":{"line":27,"column":11},"end":{"line":27,"column":null}},"type":"cond-expr","locations":[{"start":{"line":27,"column":40},"end":{"line":27,"column":61}},{"start":{"line":27,"column":61},"end":{"line":27,"column":null}}]},"3":{"loc":{"start":{"line":31,"column":11},"end":{"line":31,"column":null}},"type":"cond-expr","locations":[{"start":{"line":31,"column":40},"end":{"line":31,"column":50}},{"start":{"line":31,"column":50},"end":{"line":31,"column":null}}]},"4":{"loc":{"start":{"line":38,"column":4},"end":{"line":38,"column":null}},"type":"if","locations":[{"start":{"line":38,"column":4},"end":{"line":38,"column":null}},{"start":{},"end":{}}]},"5":{"loc":{"start":{"line":40,"column":4},"end":{"line":42,"column":null}},"type":"if","locations":[{"start":{"line":40,"column":4},"end":{"line":42,"column":null}},{"start":{},"end":{}}]},"6":{"loc":{"start":{"line":41,"column":92},"end":{"line":41,"column":125}},"type":"cond-expr","locations":[{"start":{"line":41,"column":117},"end":{"line":41,"column":122}},{"start":{"line":41,"column":122},"end":{"line":41,"column":125}}]},"7":{"loc":{"start":{"line":44,"column":4},"end":{"line":46,"column":null}},"type":"if","locations":[{"start":{"line":44,"column":4},"end":{"line":46,"column":null}},{"start":{},"end":{}}]},"8":{"loc":{"start":{"line":64,"column":29},"end":{"line":64,"column":null}},"type":"binary-expr","locations":[{"start":{"line":64,"column":29},"end":{"line":64,"column":58}},{"start":{"line":64,"column":58},"end":{"line":64,"column":null}}]},"9":{"loc":{"start":{"line":70,"column":25},"end":{"line":70,"column":null}},"type":"binary-expr","locations":[{"start":{"line":70,"column":25},"end":{"line":70,"column":51}},{"start":{"line":70,"column":51},"end":{"line":70,"column":null}}]},"10":{"loc":{"start":{"line":80,"column":25},"end":{"line":80,"column":null}},"type":"binary-expr","locations":[{"start":{"line":80,"column":25},"end":{"line":80,"column":59}},{"start":{"line":80,"column":59},"end":{"line":80,"column":null}}]},"11":{"loc":{"start":{"line":79,"column":21},"end":{"line":79,"column":null}},"type":"binary-expr","locations":[{"start":{"line":79,"column":21},"end":{"line":79,"column":45}},{"start":{"line":79,"column":45},"end":{"line":79,"column":null}}]},"12":{"loc":{"start":{"line":87,"column":25},"end":{"line":87,"column":null}},"type":"binary-expr","locations":[{"start":{"line":87,"column":25},"end":{"line":87,"column":58}},{"start":{"line":87,"column":58},"end":{"line":87,"column":null}}]},"13":{"loc":{"start":{"line":88,"column":23},"end":{"line":88,"column":null}},"type":"cond-expr","locations":[{"start":{"line":88,"column":54},"end":{"line":88,"column":77}},{"start":{"line":88,"column":77},"end":{"line":88,"column":null}}]},"14":{"loc":{"start":{"line":91,"column":37},"end":{"line":91,"column":null}},"type":"binary-expr","locations":[{"start":{"line":91,"column":37},"end":{"line":91,"column":70}},{"start":{"line":91,"column":70},"end":{"line":91,"column":null}}]},"15":{"loc":{"start":{"line":86,"column":21},"end":{"line":86,"column":null}},"type":"binary-expr","locations":[{"start":{"line":86,"column":21},"end":{"line":86,"column":40}},{"start":{"line":86,"column":40},"end":{"line":86,"column":null}}]}},"s":{"0":0,"1":0,"2":0,"3":0,"4":0,"5":0,"6":0,"7":0,"8":0,"9":0,"10":0,"11":0},"f":{"0":0,"1":0,"2":0,"3":0,"4":0},"b":{"0":[0,0],"1":[0,0],"2":[0,0],"3":[0,0],"4":[0,0],"5":[0,0],"6":[0,0],"7":[0,0],"8":[0,0],"9":[0,0],"10":[0,0],"11":[0,0],"12":[0,0],"13":[0,0],"14":[0,0],"15":[0,0]}},"/home/node/frontend/src/pages/ProjectRequirements/Review/ReviewNameDialog.tsx":{"path":"/home/node/frontend/src/pages/ProjectRequirements/Review/ReviewNameDialog.tsx","statementMap":{"0":{"start":{"line":12,"column":4},"end":{"line":48,"column":null}},"1":{"start":{"line":44,"column":39},"end":{"line":44,"column":null}}},"fnMap":{"0":{"name":"ReviewNameDialog","decl":{"start":{"line":11,"column":16},"end":{"line":11,"column":33}},"loc":{"start":{"line":11,"column":90},"end":{"line":50,"column":null}}},"1":{"name":"(anonymous_1)","decl":{"start":{"line":44,"column":33},"end":{"line":44,"column":39}},"loc":{"start":{"line":44,"column":39},"end":{"line":44,"column":null}}}},"branchMap":{"0":{"loc":{"start":{"line":11,"column":44},"end":{"line":11,"column":61}},"type":"default-arg","locations":[{"start":{"line":11,"column":54},"end":{"line":11,"column":61}}]}},"s":{"0":0,"1":0},"f":{"0":0,"1":0},"b":{"0":[0]}},"/home/node/frontend/src/pages/ProjectRequirements/Review/ReviewTextDialog.tsx":{"path":"/home/node/frontend/src/pages/ProjectRequirements/Review/ReviewTextDialog.tsx","statementMap":{"0":{"start":{"line":24,"column":28},"end":{"line":24,"column":null}},"1":{"start":{"line":25,"column":18},"end":{"line":25,"column":null}},"2":{"start":{"line":27,"column":4},"end":{"line":80,"column":null}},"3":{"start":{"line":46,"column":20},"end":{"line":46,"column":null}},"4":{"start":{"line":47,"column":20},"end":{"line":47,"column":null}},"5":{"start":{"line":47,"column":31},"end":{"line":47,"column":null}},"6":{"start":{"line":61,"column":41},"end":{"line":61,"column":null}}},"fnMap":{"0":{"name":"ReviewTextDialog","decl":{"start":{"line":15,"column":16},"end":{"line":15,"column":33}},"loc":{"start":{"line":23,"column":10},"end":{"line":82,"column":null}}},"1":{"name":"(anonymous_1)","decl":{"start":{"line":45,"column":26},"end":{"line":45,"column":27}},"loc":{"start":{"line":45,"column":37},"end":{"line":48,"column":null}}},"2":{"name":"(anonymous_2)","decl":{"start":{"line":61,"column":30},"end":{"line":61,"column":31}},"loc":{"start":{"line":61,"column":41},"end":{"line":61,"column":null}}}},"branchMap":{"0":{"loc":{"start":{"line":20,"column":4},"end":{"line":20,"column":null}},"type":"default-arg","locations":[{"start":{"line":20,"column":14},"end":{"line":20,"column":null}}]},"1":{"loc":{"start":{"line":47,"column":20},"end":{"line":47,"column":null}},"type":"if","locations":[{"start":{"line":47,"column":20},"end":{"line":47,"column":null}},{"start":{},"end":{}}]},"2":{"loc":{"start":{"line":75,"column":34},"end":{"line":75,"column":null}},"type":"binary-expr","locations":[{"start":{"line":75,"column":34},"end":{"line":75,"column":44}},{"start":{"line":75,"column":44},"end":{"line":75,"column":null}}]}},"s":{"0":0,"1":0,"2":0,"3":0,"4":0,"5":0,"6":0},"f":{"0":0,"1":0,"2":0},"b":{"0":[0],"1":[0,0],"2":[0,0]}},"/home/node/frontend/src/pages/ProjectRequirements/Review/ReviewWorkspace.tsx":{"path":"/home/node/frontend/src/pages/ProjectRequirements/Review/ReviewWorkspace.tsx","statementMap":{"0":{"start":{"line":27,"column":4},"end":{"line":52,"column":null}}},"fnMap":{"0":{"name":"ReviewWorkspace","decl":{"start":{"line":18,"column":16},"end":{"line":18,"column":32}},"loc":{"start":{"line":26,"column":25},"end":{"line":54,"column":null}}}},"branchMap":{},"s":{"0":0},"f":{"0":0},"b":{}}}}